<?xml version="1.0" encoding="UTF-8"?>
<coverage generated="1686941818917" clover="3.2.0">
  <project timestamp="1686941818917" name="All files">
    <metrics statements="607" coveredstatements="374" conditionals="239" coveredconditionals="72" methods="66" coveredmethods="37" elements="912" coveredelements="483" complexity="0" loc="607" ncloc="607" packages="5" files="21" classes="21"/>
    <package name="Backend_GeoRecycle">
      <metrics statements="21" coveredstatements="19" conditionals="0" coveredconditionals="0" methods="3" coveredmethods="1"/>
      <file name="index.js" path="C:\Users\fabio\Documents\TSIW\2º ano\2º semestre\PW2\Backend_GeoRecycle\index.js">
        <metrics statements="21" coveredstatements="19" conditionals="0" coveredconditionals="0" methods="3" coveredmethods="1"/>
        <line num="1" count="6" type="stmt"/>
        <line num="2" count="6" type="stmt"/>
        <line num="3" count="6" type="stmt"/>
        <line num="4" count="6" type="stmt"/>
        <line num="5" count="6" type="stmt"/>
        <line num="6" count="6" type="stmt"/>
        <line num="7" count="6" type="stmt"/>
        <line num="8" count="6" type="stmt"/>
        <line num="10" count="6" type="stmt"/>
        <line num="11" count="0" type="stmt"/>
        <line num="14" count="6" type="stmt"/>
        <line num="15" count="6" type="stmt"/>
        <line num="16" count="6" type="stmt"/>
        <line num="17" count="6" type="stmt"/>
        <line num="18" count="6" type="stmt"/>
        <line num="19" count="6" type="stmt"/>
        <line num="20" count="6" type="stmt"/>
        <line num="21" count="0" type="stmt"/>
        <line num="23" count="6" type="stmt"/>
        <line num="24" count="6" type="stmt"/>
        <line num="27" count="6" type="stmt"/>
      </file>
    </package>
    <package name="Backend_GeoRecycle.config">
      <metrics statements="3" coveredstatements="3" conditionals="0" coveredconditionals="0" methods="0" coveredmethods="0"/>
      <file name="db.config.js" path="C:\Users\fabio\Documents\TSIW\2º ano\2º semestre\PW2\Backend_GeoRecycle\config\db.config.js">
        <metrics statements="3" coveredstatements="3" conditionals="0" coveredconditionals="0" methods="0" coveredmethods="0"/>
        <line num="1" count="6" type="stmt"/>
        <line num="12" count="6" type="stmt"/>
        <line num="15" count="6" type="stmt"/>
      </file>
    </package>
    <package name="Backend_GeoRecycle.controllers">
      <metrics statements="435" coveredstatements="218" conditionals="239" coveredconditionals="72" methods="32" coveredmethods="18"/>
      <file name="auth.controller.js" path="C:\Users\fabio\Documents\TSIW\2º ano\2º semestre\PW2\Backend_GeoRecycle\controllers\auth.controller.js">
        <metrics statements="14" coveredstatements="12" conditionals="4" coveredconditionals="3" methods="1" coveredmethods="1"/>
        <line num="1" count="6" type="stmt"/>
        <line num="2" count="6" type="stmt"/>
        <line num="6" count="6" type="stmt"/>
        <line num="7" count="28" type="cond" truecount="2" falsecount="0"/>
        <line num="8" count="28" type="cond" truecount="1" falsecount="1"/>
        <line num="9" count="0" type="stmt"/>
        <line num="11" count="28" type="stmt"/>
        <line num="12" count="28" type="stmt"/>
        <line num="14" count="28" type="stmt"/>
        <line num="15" count="28" type="stmt"/>
        <line num="16" count="28" type="stmt"/>
        <line num="17" count="28" type="stmt"/>
        <line num="18" count="28" type="stmt"/>
        <line num="20" count="0" type="stmt"/>
      </file>
      <file name="badges.controller.js" path="C:\Users\fabio\Documents\TSIW\2º ano\2º semestre\PW2\Backend_GeoRecycle\controllers\badges.controller.js">
        <metrics statements="30" coveredstatements="12" conditionals="18" coveredconditionals="3" methods="3" coveredmethods="1"/>
        <line num="1" count="6" type="stmt"/>
        <line num="2" count="6" type="stmt"/>
        <line num="3" count="6" type="stmt"/>
        <line num="6" count="6" type="stmt"/>
        <line num="7" count="0" type="stmt"/>
        <line num="8" count="0" type="cond" truecount="0" falsecount="2"/>
        <line num="9" count="0" type="stmt"/>
        <line num="13" count="0" type="stmt"/>
        <line num="21" count="0" type="cond" truecount="0" falsecount="2"/>
        <line num="22" count="0" type="stmt"/>
        <line num="26" count="0" type="stmt"/>
        <line num="32" count="0" type="stmt"/>
        <line num="40" count="6" type="stmt"/>
        <line num="41" count="0" type="stmt"/>
        <line num="42" count="0" type="cond" truecount="0" falsecount="2"/>
        <line num="43" count="0" type="stmt"/>
        <line num="47" count="0" type="stmt"/>
        <line num="48" count="0" type="cond" truecount="0" falsecount="2"/>
        <line num="49" count="0" type="stmt"/>
        <line num="53" count="0" type="stmt"/>
        <line num="59" count="0" type="stmt"/>
        <line num="67" count="6" type="stmt"/>
        <line num="68" count="2" type="stmt"/>
        <line num="69" count="2" type="cond" truecount="2" falsecount="0"/>
        <line num="70" count="1" type="stmt"/>
        <line num="74" count="1" type="stmt"/>
        <line num="75" count="1" type="cond" truecount="1" falsecount="1"/>
        <line num="76" count="0" type="stmt"/>
        <line num="80" count="1" type="stmt"/>
        <line num="86" count="0" type="stmt"/>
      </file>
      <file name="ecopontos.controller.js" path="C:\Users\fabio\Documents\TSIW\2º ano\2º semestre\PW2\Backend_GeoRecycle\controllers\ecopontos.controller.js">
        <metrics statements="86" coveredstatements="24" conditionals="40" coveredconditionals="3" methods="6" coveredmethods="3"/>
        <line num="1" count="6" type="stmt"/>
        <line num="2" count="6" type="stmt"/>
        <line num="3" count="6" type="stmt"/>
        <line num="4" count="6" type="stmt"/>
        <line num="5" count="6" type="stmt"/>
        <line num="7" count="6" type="stmt"/>
        <line num="14" count="6" type="stmt"/>
        <line num="15" count="1" type="stmt"/>
        <line num="16" count="1" type="stmt"/>
        <line num="17" count="1" type="stmt"/>
        <line num="19" count="0" type="stmt"/>
        <line num="26" count="6" type="stmt"/>
        <line num="27" count="1" type="stmt"/>
        <line num="28" count="1" type="stmt"/>
        <line num="29" count="1" type="cond" truecount="1" falsecount="1"/>
        <line num="30" count="0" type="stmt"/>
        <line num="34" count="1" type="stmt"/>
        <line num="39" count="0" type="stmt"/>
        <line num="47" count="6" type="stmt"/>
        <line num="48" count="0" type="stmt"/>
        <line num="50" count="0" type="stmt"/>
        <line num="51" count="0" type="cond" truecount="0" falsecount="2"/>
        <line num="52" count="0" type="stmt"/>
        <line num="58" count="0" type="stmt"/>
        <line num="59" count="0" type="cond" truecount="0" falsecount="2"/>
        <line num="60" count="0" type="stmt"/>
        <line num="65" count="0" type="stmt"/>
        <line num="72" count="0" type="cond" truecount="0" falsecount="2"/>
        <line num="73" count="0" type="stmt"/>
        <line num="78" count="0" type="stmt"/>
        <line num="80" count="0" type="stmt"/>
        <line num="81" count="0" type="stmt"/>
        <line num="82" count="0" type="stmt"/>
        <line num="93" count="0" type="stmt"/>
        <line num="94" count="0" type="stmt"/>
        <line num="95" count="0" type="stmt"/>
        <line num="97" count="0" type="stmt"/>
        <line num="98" count="0" type="stmt"/>
        <line num="103" count="6" type="stmt"/>
        <line num="104" count="0" type="stmt"/>
        <line num="105" count="0" type="cond" truecount="0" falsecount="2"/>
        <line num="106" count="0" type="stmt"/>
        <line num="111" count="0" type="stmt"/>
        <line num="112" count="0" type="cond" truecount="0" falsecount="2"/>
        <line num="113" count="0" type="stmt"/>
        <line num="119" count="0" type="cond" truecount="0" falsecount="2"/>
        <line num="121" count="0" type="stmt"/>
        <line num="122" count="0" type="stmt"/>
        <line num="128" count="0" type="stmt"/>
        <line num="129" count="0" type="cond" truecount="0" falsecount="2"/>
        <line num="130" count="0" type="stmt"/>
        <line num="136" count="0" type="stmt"/>
        <line num="137" count="0" type="stmt"/>
        <line num="138" count="0" type="stmt"/>
        <line num="140" count="0" type="cond" truecount="0" falsecount="2"/>
        <line num="141" count="0" type="stmt"/>
        <line num="142" count="0" type="cond" truecount="0" falsecount="2"/>
        <line num="143" count="0" type="stmt"/>
        <line num="144" count="0" type="stmt"/>
        <line num="145" count="0" type="stmt"/>
        <line num="146" count="0" type="stmt"/>
        <line num="149" count="0" type="stmt"/>
        <line num="154" count="0" type="stmt"/>
        <line num="163" count="6" type="stmt"/>
        <line num="164" count="1" type="stmt"/>
        <line num="165" count="1" type="cond" truecount="1" falsecount="1"/>
        <line num="166" count="0" type="stmt"/>
        <line num="171" count="1" type="stmt"/>
        <line num="173" count="1" type="cond" truecount="1" falsecount="1"/>
        <line num="174" count="0" type="stmt"/>
        <line num="181" count="1" type="stmt"/>
        <line num="187" count="0" type="stmt"/>
        <line num="194" count="6" type="stmt"/>
        <line num="195" count="0" type="stmt"/>
        <line num="196" count="0" type="cond" truecount="0" falsecount="2"/>
        <line num="197" count="0" type="stmt"/>
        <line num="202" count="0" type="stmt"/>
        <line num="203" count="0" type="cond" truecount="0" falsecount="2"/>
        <line num="204" count="0" type="stmt"/>
        <line num="210" count="0" type="stmt"/>
        <line num="211" count="0" type="cond" truecount="0" falsecount="2"/>
        <line num="212" count="0" type="stmt"/>
        <line num="218" count="0" type="stmt"/>
        <line num="219" count="0" type="stmt"/>
        <line num="221" count="0" type="stmt"/>
        <line num="226" count="0" type="stmt"/>
      </file>
      <file name="items.controller.js" path="C:\Users\fabio\Documents\TSIW\2º ano\2º semestre\PW2\Backend_GeoRecycle\controllers\items.controller.js">
        <metrics statements="58" coveredstatements="29" conditionals="28" coveredconditionals="7" methods="5" coveredmethods="3"/>
        <line num="1" count="6" type="stmt"/>
        <line num="2" count="6" type="stmt"/>
        <line num="3" count="6" type="stmt"/>
        <line num="4" count="6" type="stmt"/>
        <line num="7" count="6" type="stmt"/>
        <line num="8" count="2" type="stmt"/>
        <line num="9" count="2" type="cond" truecount="2" falsecount="0"/>
        <line num="10" count="1" type="stmt"/>
        <line num="14" count="1" type="stmt"/>
        <line num="15" count="1" type="stmt"/>
        <line num="16" count="1" type="stmt"/>
        <line num="22" count="0" type="stmt"/>
        <line num="31" count="6" type="stmt"/>
        <line num="32" count="1" type="stmt"/>
        <line num="33" count="1" type="stmt"/>
        <line num="34" count="1" type="stmt"/>
        <line num="40" count="0" type="stmt"/>
        <line num="49" count="6" type="stmt"/>
        <line num="50" count="0" type="stmt"/>
        <line num="51" count="0" type="cond" truecount="0" falsecount="2"/>
        <line num="52" count="0" type="stmt"/>
        <line num="56" count="0" type="stmt"/>
        <line num="57" count="0" type="cond" truecount="0" falsecount="2"/>
        <line num="58" count="0" type="stmt"/>
        <line num="62" count="0" type="stmt"/>
        <line num="68" count="0" type="stmt"/>
        <line num="77" count="6" type="stmt"/>
        <line num="78" count="2" type="stmt"/>
        <line num="79" count="2" type="stmt"/>
        <line num="80" count="2" type="cond" truecount="2" falsecount="0"/>
        <line num="81" count="1" type="stmt"/>
        <line num="85" count="1" type="stmt"/>
        <line num="86" count="1" type="cond" truecount="1" falsecount="1"/>
        <line num="87" count="0" type="stmt"/>
        <line num="91" count="1" type="cond" truecount="1" falsecount="1"/>
        <line num="92" count="0" type="stmt"/>
        <line num="93" count="1" type="cond" truecount="1" falsecount="1"/>
        <line num="94" count="1" type="stmt"/>
        <line num="96" count="1" type="stmt"/>
        <line num="97" count="1" type="stmt"/>
        <line num="104" count="0" type="stmt"/>
        <line num="111" count="6" type="stmt"/>
        <line num="112" count="0" type="stmt"/>
        <line num="113" count="0" type="stmt"/>
        <line num="114" count="0" type="cond" truecount="0" falsecount="2"/>
        <line num="115" count="0" type="stmt"/>
        <line num="119" count="0" type="cond" truecount="0" falsecount="2"/>
        <line num="120" count="0" type="stmt"/>
        <line num="124" count="0" type="cond" truecount="0" falsecount="2"/>
        <line num="125" count="0" type="stmt"/>
        <line num="126" count="0" type="cond" truecount="0" falsecount="2"/>
        <line num="127" count="0" type="stmt"/>
        <line num="132" count="0" type="stmt"/>
        <line num="133" count="0" type="stmt"/>
        <line num="134" count="0" type="stmt"/>
        <line num="135" count="0" type="stmt"/>
        <line num="138" count="0" type="stmt"/>
        <line num="145" count="0" type="stmt"/>
      </file>
      <file name="leaderboard.controller.js" path="C:\Users\fabio\Documents\TSIW\2º ano\2º semestre\PW2\Backend_GeoRecycle\controllers\leaderboard.controller.js">
        <metrics statements="17" coveredstatements="15" conditionals="8" coveredconditionals="2" methods="2" coveredmethods="2"/>
        <line num="1" count="6" type="stmt"/>
        <line num="2" count="6" type="stmt"/>
        <line num="3" count="6" type="stmt"/>
        <line num="6" count="6" type="stmt"/>
        <line num="7" count="1" type="stmt"/>
        <line num="8" count="1" type="stmt"/>
        <line num="9" count="1" type="cond" truecount="1" falsecount="1"/>
        <line num="10" count="1" type="stmt"/>
        <line num="13" count="1" type="stmt"/>
        <line num="18" count="0" type="stmt"/>
        <line num="25" count="6" type="stmt"/>
        <line num="26" count="1" type="stmt"/>
        <line num="27" count="1" type="stmt"/>
        <line num="28" count="1" type="cond" truecount="1" falsecount="1"/>
        <line num="29" count="1" type="stmt"/>
        <line num="35" count="1" type="stmt"/>
        <line num="40" count="0" type="stmt"/>
      </file>
      <file name="utilizacao.controller.js" path="C:\Users\fabio\Documents\TSIW\2º ano\2º semestre\PW2\Backend_GeoRecycle\controllers\utilizacao.controller.js">
        <metrics statements="78" coveredstatements="48" conditionals="50" coveredconditionals="22" methods="4" coveredmethods="3"/>
        <line num="1" count="6" type="stmt"/>
        <line num="2" count="6" type="stmt"/>
        <line num="3" count="6" type="stmt"/>
        <line num="4" count="6" type="stmt"/>
        <line num="5" count="6" type="stmt"/>
        <line num="6" count="6" type="stmt"/>
        <line num="8" count="6" type="stmt"/>
        <line num="18" count="6" type="stmt"/>
        <line num="19" count="0" type="stmt"/>
        <line num="20" count="0" type="stmt"/>
        <line num="21" count="0" type="cond" truecount="0" falsecount="2"/>
        <line num="22" count="0" type="stmt"/>
        <line num="28" count="0" type="stmt"/>
        <line num="29" count="0" type="cond" truecount="0" falsecount="2"/>
        <line num="30" count="0" type="stmt"/>
        <line num="35" count="0" type="stmt"/>
        <line num="41" count="0" type="stmt"/>
        <line num="47" count="0" type="stmt"/>
        <line num="49" count="0" type="stmt"/>
        <line num="54" count="0" type="stmt"/>
        <line num="62" count="6" type="stmt"/>
        <line num="63" count="1" type="stmt"/>
        <line num="64" count="1" type="cond" truecount="1" falsecount="1"/>
        <line num="65" count="0" type="stmt"/>
        <line num="70" count="1" type="stmt"/>
        <line num="71" count="1" type="cond" truecount="1" falsecount="1"/>
        <line num="72" count="0" type="stmt"/>
        <line num="78" count="1" type="cond" truecount="1" falsecount="1"/>
        <line num="80" count="0" type="stmt"/>
        <line num="81" count="0" type="cond" truecount="0" falsecount="2"/>
        <line num="82" count="0" type="stmt"/>
        <line num="83" count="0" type="stmt"/>
        <line num="85" count="0" type="stmt"/>
        <line num="91" count="1" type="stmt"/>
        <line num="92" count="1" type="cond" truecount="1" falsecount="1"/>
        <line num="93" count="0" type="stmt"/>
        <line num="97" count="1" type="cond" truecount="1" falsecount="1"/>
        <line num="98" count="0" type="stmt"/>
        <line num="104" count="1" type="stmt"/>
        <line num="105" count="1" type="stmt"/>
        <line num="106" count="1" type="stmt"/>
        <line num="108" count="1" type="cond" truecount="1" falsecount="1"/>
        <line num="109" count="1" type="stmt"/>
        <line num="110" count="1" type="stmt"/>
        <line num="111" count="1" type="cond" truecount="3" falsecount="1"/>
        <line num="112" count="1" type="stmt"/>
        <line num="113" count="1" type="stmt"/>
        <line num="114" count="1" type="stmt"/>
        <line num="115" count="1" type="stmt"/>
        <line num="117" count="1" type="cond" truecount="3" falsecount="1"/>
        <line num="118" count="0" type="stmt"/>
        <line num="120" count="1" type="cond" truecount="3" falsecount="1"/>
        <line num="121" count="0" type="stmt"/>
        <line num="123" count="1" type="cond" truecount="2" falsecount="2"/>
        <line num="124" count="0" type="stmt"/>
        <line num="127" count="1" type="stmt"/>
        <line num="128" count="1" type="stmt"/>
        <line num="131" count="1" type="stmt"/>
        <line num="136" count="0" type="stmt"/>
        <line num="144" count="6" type="stmt"/>
        <line num="145" count="2" type="stmt"/>
        <line num="146" count="2" type="cond" truecount="2" falsecount="0"/>
        <line num="147" count="1" type="stmt"/>
        <line num="151" count="1" type="stmt"/>
        <line num="153" count="1" type="cond" truecount="1" falsecount="1"/>
        <line num="154" count="0" type="stmt"/>
        <line num="159" count="1" type="stmt"/>
        <line num="164" count="0" type="stmt"/>
        <line num="171" count="6" type="stmt"/>
        <line num="172" count="1" type="stmt"/>
        <line num="173" count="1" type="stmt"/>
        <line num="174" count="1" type="stmt"/>
        <line num="182" count="1" type="cond" truecount="1" falsecount="1"/>
        <line num="183" count="0" type="stmt"/>
        <line num="188" count="1" type="cond" truecount="1" falsecount="1"/>
        <line num="189" count="1" type="stmt"/>
        <line num="194" count="0" type="stmt"/>
        <line num="199" count="0" type="stmt"/>
      </file>
      <file name="utilizadores.controller.js" path="C:\Users\fabio\Documents\TSIW\2º ano\2º semestre\PW2\Backend_GeoRecycle\controllers\utilizadores.controller.js">
        <metrics statements="152" coveredstatements="78" conditionals="91" coveredconditionals="32" methods="11" coveredmethods="5"/>
        <line num="1" count="6" type="stmt"/>
        <line num="2" count="6" type="stmt"/>
        <line num="3" count="6" type="stmt"/>
        <line num="4" count="6" type="stmt"/>
        <line num="5" count="6" type="stmt"/>
        <line num="6" count="6" type="stmt"/>
        <line num="7" count="6" type="stmt"/>
        <line num="9" count="6" type="stmt"/>
        <line num="16" count="6" type="stmt"/>
        <line num="17" count="19" type="stmt"/>
        <line num="18" count="19" type="stmt"/>
        <line num="21" count="19" type="stmt"/>
        <line num="22" count="19" type="stmt"/>
        <line num="23" count="19" type="stmt"/>
        <line num="24" count="19" type="stmt"/>
        <line num="25" count="114" type="stmt"/>
        <line num="27" count="19" type="stmt"/>
        <line num="30" count="19" type="cond" truecount="1" falsecount="1"/>
        <line num="31" count="19" type="stmt"/>
        <line num="35" count="19" type="stmt"/>
        <line num="44" count="19" type="stmt"/>
        <line num="45" count="19" type="cond" truecount="2" falsecount="0"/>
        <line num="46" count="1" type="stmt"/>
        <line num="50" count="1" type="stmt"/>
        <line num="53" count="18" type="cond" truecount="2" falsecount="0"/>
        <line num="54" count="3" type="stmt"/>
        <line num="59" count="3" type="stmt"/>
        <line num="62" count="15" type="stmt"/>
        <line num="63" count="15" type="stmt"/>
        <line num="64" count="6" type="cond" truecount="1" falsecount="1"/>
        <line num="65" count="0" type="stmt"/>
        <line num="68" count="0" type="cond" truecount="0" falsecount="2"/>
        <line num="69" count="0" type="stmt"/>
        <line num="70" count="0" type="stmt"/>
        <line num="71" count="0" type="stmt"/>
        <line num="72" count="0" type="stmt"/>
        <line num="73" count="0" type="stmt"/>
        <line num="74" count="0" type="stmt"/>
        <line num="77" count="6" type="stmt"/>
        <line num="83" count="9" type="cond" truecount="1" falsecount="1"/>
        <line num="84" count="0" type="stmt"/>
        <line num="85" count="0" type="stmt"/>
        <line num="86" count="0" type="stmt"/>
        <line num="89" count="0" type="cond" truecount="0" falsecount="2"/>
        <line num="90" count="0" type="stmt"/>
        <line num="93" count="0" type="cond" truecount="0" falsecount="2"/>
        <line num="94" count="0" type="stmt"/>
        <line num="98" count="0" type="cond" truecount="0" falsecount="2"/>
        <line num="99" count="0" type="stmt"/>
        <line num="101" count="0" type="stmt"/>
        <line num="104" count="0" type="cond" truecount="0" falsecount="2"/>
        <line num="105" count="0" type="stmt"/>
        <line num="107" count="0" type="stmt"/>
        <line num="112" count="9" type="stmt"/>
        <line num="121" count="6" type="stmt"/>
        <line num="122" count="15" type="stmt"/>
        <line num="123" count="15" type="cond" truecount="5" falsecount="0"/>
        <line num="124" count="1" type="stmt"/>
        <line num="129" count="14" type="stmt"/>
        <line num="132" count="14" type="cond" truecount="2" falsecount="0"/>
        <line num="133" count="1" type="stmt"/>
        <line num="138" count="13" type="stmt"/>
        <line num="142" count="13" type="cond" truecount="2" falsecount="0"/>
        <line num="143" count="1" type="stmt"/>
        <line num="149" count="12" type="stmt"/>
        <line num="159" count="12" type="stmt"/>
        <line num="165" count="0" type="cond" truecount="0" falsecount="2"/>
        <line num="166" count="0" type="stmt"/>
        <line num="167" count="0" type="stmt"/>
        <line num="168" count="0" type="stmt"/>
        <line num="170" count="0" type="stmt"/>
        <line num="175" count="0" type="stmt"/>
        <line num="184" count="6" type="stmt"/>
        <line num="185" count="2" type="stmt"/>
        <line num="186" count="2" type="cond" truecount="2" falsecount="0"/>
        <line num="187" count="1" type="stmt"/>
        <line num="191" count="1" type="stmt"/>
        <line num="192" count="1" type="stmt"/>
        <line num="197" count="0" type="stmt"/>
        <line num="205" count="6" type="stmt"/>
        <line num="206" count="2" type="stmt"/>
        <line num="207" count="2" type="stmt"/>
        <line num="210" count="2" type="cond" truecount="1" falsecount="1"/>
        <line num="211" count="0" type="stmt"/>
        <line num="214" count="2" type="stmt"/>
        <line num="215" count="2" type="stmt"/>
        <line num="216" count="2" type="cond" truecount="1" falsecount="1"/>
        <line num="217" count="0" type="stmt"/>
        <line num="221" count="2" type="cond" truecount="3" falsecount="1"/>
        <line num="222" count="2" type="cond" truecount="1" falsecount="1"/>
        <line num="223" count="2" type="cond" truecount="2" falsecount="0"/>
        <line num="224" count="1" type="stmt"/>
        <line num="228" count="1" type="stmt"/>
        <line num="231" count="0" type="stmt"/>
        <line num="233" count="0" type="cond" truecount="0" falsecount="4"/>
        <line num="234" count="0" type="stmt"/>
        <line num="235" count="0" type="cond" truecount="0" falsecount="4"/>
        <line num="236" count="0" type="stmt"/>
        <line num="239" count="1" type="cond" truecount="1" falsecount="1"/>
        <line num="240" count="1" type="stmt"/>
        <line num="242" count="1" type="stmt"/>
        <line num="243" count="1" type="stmt"/>
        <line num="245" count="0" type="stmt"/>
        <line num="250" count="6" type="stmt"/>
        <line num="251" count="0" type="stmt"/>
        <line num="254" count="0" type="cond" truecount="0" falsecount="2"/>
        <line num="255" count="0" type="stmt"/>
        <line num="258" count="0" type="stmt"/>
        <line num="259" count="0" type="stmt"/>
        <line num="260" count="0" type="cond" truecount="0" falsecount="2"/>
        <line num="261" count="0" type="stmt"/>
        <line num="265" count="0" type="stmt"/>
        <line num="266" count="0" type="cond" truecount="0" falsecount="2"/>
        <line num="267" count="0" type="stmt"/>
        <line num="271" count="0" type="stmt"/>
        <line num="273" count="0" type="stmt"/>
        <line num="275" count="0" type="stmt"/>
        <line num="276" count="0" type="stmt"/>
        <line num="280" count="0" type="stmt"/>
        <line num="287" count="6" type="stmt"/>
        <line num="288" count="0" type="stmt"/>
        <line num="289" count="0" type="cond" truecount="0" falsecount="4"/>
        <line num="290" count="0" type="stmt"/>
        <line num="294" count="0" type="stmt"/>
        <line num="295" count="0" type="cond" truecount="0" falsecount="2"/>
        <line num="296" count="0" type="stmt"/>
        <line num="301" count="0" type="stmt"/>
        <line num="302" count="0" type="stmt"/>
        <line num="303" count="0" type="stmt"/>
        <line num="304" count="0" type="stmt"/>
        <line num="309" count="0" type="stmt"/>
        <line num="317" count="6" type="stmt"/>
        <line num="318" count="8" type="stmt"/>
        <line num="319" count="8" type="cond" truecount="2" falsecount="0"/>
        <line num="320" count="1" type="stmt"/>
        <line num="324" count="7" type="stmt"/>
        <line num="325" count="7" type="cond" truecount="2" falsecount="0"/>
        <line num="326" count="1" type="stmt"/>
        <line num="330" count="6" type="stmt"/>
        <line num="335" count="0" type="stmt"/>
        <line num="343" count="6" type="stmt"/>
        <line num="344" count="0" type="stmt"/>
        <line num="345" count="0" type="stmt"/>
        <line num="346" count="0" type="cond" truecount="0" falsecount="4"/>
        <line num="347" count="0" type="stmt"/>
        <line num="351" count="0" type="stmt"/>
        <line num="352" count="0" type="cond" truecount="0" falsecount="4"/>
        <line num="353" count="0" type="stmt"/>
        <line num="357" count="0" type="stmt"/>
        <line num="358" count="0" type="stmt"/>
        <line num="359" count="0" type="stmt"/>
        <line num="365" count="0" type="stmt"/>
      </file>
    </package>
    <package name="Backend_GeoRecycle.models">
      <metrics statements="35" coveredstatements="33" conditionals="0" coveredconditionals="0" methods="7" coveredmethods="6"/>
      <file name="badges.model.js" path="C:\Users\fabio\Documents\TSIW\2º ano\2º semestre\PW2\Backend_GeoRecycle\models\badges.model.js">
        <metrics statements="4" coveredstatements="4" conditionals="0" coveredconditionals="0" methods="1" coveredmethods="1"/>
        <line num="1" count="6" type="stmt"/>
        <line num="2" count="6" type="stmt"/>
        <line num="9" count="6" type="stmt"/>
        <line num="10" count="6" type="stmt"/>
      </file>
      <file name="ecopontos.model.js" path="C:\Users\fabio\Documents\TSIW\2º ano\2º semestre\PW2\Backend_GeoRecycle\models\ecopontos.model.js">
        <metrics statements="4" coveredstatements="4" conditionals="0" coveredconditionals="0" methods="1" coveredmethods="1"/>
        <line num="1" count="6" type="stmt"/>
        <line num="2" count="6" type="stmt"/>
        <line num="19" count="6" type="stmt"/>
        <line num="20" count="6" type="stmt"/>
      </file>
      <file name="index.js" path="C:\Users\fabio\Documents\TSIW\2º ano\2º semestre\PW2\Backend_GeoRecycle\models\index.js">
        <metrics statements="15" coveredstatements="13" conditionals="0" coveredconditionals="0" methods="2" coveredmethods="1"/>
        <line num="1" count="6" type="stmt"/>
        <line num="2" count="6" type="stmt"/>
        <line num="3" count="6" type="stmt"/>
        <line num="4" count="6" type="stmt"/>
        <line num="5" count="6" type="stmt"/>
        <line num="6" count="6" type="stmt"/>
        <line num="9" count="6" type="stmt"/>
        <line num="12" count="0" type="stmt"/>
        <line num="13" count="0" type="stmt"/>
        <line num="15" count="6" type="stmt"/>
        <line num="16" count="6" type="stmt"/>
        <line num="17" count="6" type="stmt"/>
        <line num="18" count="6" type="stmt"/>
        <line num="19" count="6" type="stmt"/>
        <line num="20" count="6" type="stmt"/>
      </file>
      <file name="items.model.js" path="C:\Users\fabio\Documents\TSIW\2º ano\2º semestre\PW2\Backend_GeoRecycle\models\items.model.js">
        <metrics statements="4" coveredstatements="4" conditionals="0" coveredconditionals="0" methods="1" coveredmethods="1"/>
        <line num="1" count="6" type="stmt"/>
        <line num="2" count="6" type="stmt"/>
        <line num="11" count="6" type="stmt"/>
        <line num="12" count="6" type="stmt"/>
      </file>
      <file name="utilizacao.model.js" path="C:\Users\fabio\Documents\TSIW\2º ano\2º semestre\PW2\Backend_GeoRecycle\models\utilizacao.model.js">
        <metrics statements="4" coveredstatements="4" conditionals="0" coveredconditionals="0" methods="1" coveredmethods="1"/>
        <line num="1" count="6" type="stmt"/>
        <line num="2" count="6" type="stmt"/>
        <line num="13" count="6" type="stmt"/>
        <line num="14" count="6" type="stmt"/>
      </file>
      <file name="utilizadores.model.js" path="C:\Users\fabio\Documents\TSIW\2º ano\2º semestre\PW2\Backend_GeoRecycle\models\utilizadores.model.js">
        <metrics statements="4" coveredstatements="4" conditionals="0" coveredconditionals="0" methods="1" coveredmethods="1"/>
        <line num="1" count="6" type="stmt"/>
        <line num="2" count="6" type="stmt"/>
        <line num="26" count="6" type="stmt"/>
        <line num="27" count="6" type="stmt"/>
      </file>
    </package>
    <package name="Backend_GeoRecycle.routes">
      <metrics statements="113" coveredstatements="101" conditionals="0" coveredconditionals="0" methods="24" coveredmethods="12"/>
      <file name="badges.routes.js" path="C:\Users\fabio\Documents\TSIW\2º ano\2º semestre\PW2\Backend_GeoRecycle\routes\badges.routes.js">
        <metrics statements="15" coveredstatements="14" conditionals="0" coveredconditionals="0" methods="3" coveredmethods="2"/>
        <line num="1" count="6" type="stmt"/>
        <line num="2" count="6" type="stmt"/>
        <line num="3" count="6" type="stmt"/>
        <line num="4" count="6" type="stmt"/>
        <line num="7" count="6" type="stmt"/>
        <line num="8" count="2" type="stmt"/>
        <line num="9" count="2" type="stmt"/>
        <line num="11" count="2" type="stmt"/>
        <line num="12" count="2" type="stmt"/>
        <line num="16" count="2" type="stmt"/>
        <line num="19" count="6" type="stmt"/>
        <line num="23" count="6" type="stmt"/>
        <line num="28" count="6" type="stmt"/>
        <line num="29" count="0" type="stmt"/>
        <line num="34" count="6" type="stmt"/>
      </file>
      <file name="ecopontos.routes.js" path="C:\Users\fabio\Documents\TSIW\2º ano\2º semestre\PW2\Backend_GeoRecycle\routes\ecopontos.routes.js">
        <metrics statements="21" coveredstatements="18" conditionals="0" coveredconditionals="0" methods="5" coveredmethods="2"/>
        <line num="1" count="6" type="stmt"/>
        <line num="3" count="6" type="stmt"/>
        <line num="4" count="6" type="stmt"/>
        <line num="6" count="6" type="stmt"/>
        <line num="7" count="6" type="stmt"/>
        <line num="9" count="0" type="stmt"/>
        <line num="12" count="0" type="stmt"/>
        <line num="16" count="6" type="stmt"/>
        <line num="19" count="6" type="stmt"/>
        <line num="22" count="6" type="stmt"/>
        <line num="23" count="3" type="stmt"/>
        <line num="24" count="3" type="stmt"/>
        <line num="26" count="3" type="stmt"/>
        <line num="27" count="3" type="stmt"/>
        <line num="31" count="3" type="stmt"/>
        <line num="37" count="6" type="stmt"/>
        <line num="42" count="6" type="stmt"/>
        <line num="46" count="6" type="stmt"/>
        <line num="52" count="6" type="stmt"/>
        <line num="53" count="0" type="stmt"/>
        <line num="56" count="6" type="stmt"/>
      </file>
      <file name="items.routes.js" path="C:\Users\fabio\Documents\TSIW\2º ano\2º semestre\PW2\Backend_GeoRecycle\routes\items.routes.js">
        <metrics statements="17" coveredstatements="16" conditionals="0" coveredconditionals="0" methods="3" coveredmethods="2"/>
        <line num="1" count="6" type="stmt"/>
        <line num="2" count="6" type="stmt"/>
        <line num="3" count="6" type="stmt"/>
        <line num="4" count="6" type="stmt"/>
        <line num="7" count="6" type="stmt"/>
        <line num="8" count="5" type="stmt"/>
        <line num="9" count="5" type="stmt"/>
        <line num="11" count="5" type="stmt"/>
        <line num="12" count="5" type="stmt"/>
        <line num="16" count="5" type="stmt"/>
        <line num="19" count="6" type="stmt"/>
        <line num="22" count="6" type="stmt"/>
        <line num="25" count="6" type="stmt"/>
        <line num="29" count="6" type="stmt"/>
        <line num="33" count="6" type="stmt"/>
        <line num="34" count="0" type="stmt"/>
        <line num="37" count="6" type="stmt"/>
      </file>
      <file name="leaderboard.routes.js" path="C:\Users\fabio\Documents\TSIW\2º ano\2º semestre\PW2\Backend_GeoRecycle\routes\leaderboard.routes.js">
        <metrics statements="15" coveredstatements="14" conditionals="0" coveredconditionals="0" methods="3" coveredmethods="2"/>
        <line num="1" count="6" type="stmt"/>
        <line num="2" count="6" type="stmt"/>
        <line num="3" count="6" type="stmt"/>
        <line num="4" count="6" type="stmt"/>
        <line num="7" count="6" type="stmt"/>
        <line num="8" count="2" type="stmt"/>
        <line num="9" count="2" type="stmt"/>
        <line num="11" count="2" type="stmt"/>
        <line num="12" count="2" type="stmt"/>
        <line num="16" count="2" type="stmt"/>
        <line num="19" count="6" type="stmt"/>
        <line num="23" count="6" type="stmt"/>
        <line num="27" count="6" type="stmt"/>
        <line num="28" count="0" type="stmt"/>
        <line num="31" count="6" type="stmt"/>
      </file>
      <file name="utilizacao.routes.js" path="C:\Users\fabio\Documents\TSIW\2º ano\2º semestre\PW2\Backend_GeoRecycle\routes\utilizacao.routes.js">
        <metrics statements="21" coveredstatements="18" conditionals="0" coveredconditionals="0" methods="5" coveredmethods="2"/>
        <line num="1" count="6" type="stmt"/>
        <line num="3" count="6" type="stmt"/>
        <line num="4" count="6" type="stmt"/>
        <line num="10" count="6" type="stmt"/>
        <line num="12" count="6" type="stmt"/>
        <line num="13" count="4" type="stmt"/>
        <line num="14" count="4" type="stmt"/>
        <line num="16" count="4" type="stmt"/>
        <line num="17" count="4" type="stmt"/>
        <line num="21" count="4" type="stmt"/>
        <line num="25" count="6" type="stmt"/>
        <line num="26" count="6" type="stmt"/>
        <line num="28" count="0" type="stmt"/>
        <line num="31" count="0" type="stmt"/>
        <line num="35" count="6" type="stmt"/>
        <line num="38" count="6" type="stmt"/>
        <line num="41" count="6" type="stmt"/>
        <line num="45" count="6" type="stmt"/>
        <line num="49" count="6" type="stmt"/>
        <line num="50" count="0" type="stmt"/>
        <line num="53" count="6" type="stmt"/>
      </file>
      <file name="utilizadores.routes.js" path="C:\Users\fabio\Documents\TSIW\2º ano\2º semestre\PW2\Backend_GeoRecycle\routes\utilizadores.routes.js">
        <metrics statements="24" coveredstatements="21" conditionals="0" coveredconditionals="0" methods="5" coveredmethods="2"/>
        <line num="1" count="6" type="stmt"/>
        <line num="2" count="6" type="stmt"/>
        <line num="3" count="6" type="stmt"/>
        <line num="4" count="6" type="stmt"/>
        <line num="7" count="6" type="stmt"/>
        <line num="8" count="46" type="stmt"/>
        <line num="9" count="46" type="stmt"/>
        <line num="11" count="46" type="stmt"/>
        <line num="12" count="46" type="stmt"/>
        <line num="16" count="46" type="stmt"/>
        <line num="19" count="6" type="stmt"/>
        <line num="20" count="6" type="stmt"/>
        <line num="22" count="0" type="stmt"/>
        <line num="25" count="0" type="stmt"/>
        <line num="29" count="6" type="stmt"/>
        <line num="31" count="6" type="stmt"/>
        <line num="34" count="6" type="stmt"/>
        <line num="37" count="6" type="stmt"/>
        <line num="40" count="6" type="stmt"/>
        <line num="46" count="6" type="stmt"/>
        <line num="49" count="6" type="stmt"/>
        <line num="54" count="6" type="stmt"/>
        <line num="55" count="0" type="stmt"/>
        <line num="58" count="6" type="stmt"/>
      </file>
    </package>
  </project>
</coverage>
