{"C:\\Users\\fabio\\Documents\\TSIW\\2º ano\\2º semestre\\PW2\\Backend_GeoRecycle\\index.js": {"path":"C:\\Users\\fabio\\Documents\\TSIW\\2º ano\\2º semestre\\PW2\\Backend_GeoRecycle\\index.js","statementMap":{"0":{"start":{"line":1,"column":0},"end":{"line":1,"column":27}},"1":{"start":{"line":2,"column":16},"end":{"line":2,"column":34}},"2":{"start":{"line":3,"column":13},"end":{"line":3,"column":28}},"3":{"start":{"line":4,"column":12},"end":{"line":4,"column":21}},"4":{"start":{"line":5,"column":13},"end":{"line":5,"column":29}},"5":{"start":{"line":6,"column":13},"end":{"line":6,"column":29}},"6":{"start":{"line":7,"column":0},"end":{"line":7,"column":16}},"7":{"start":{"line":8,"column":0},"end":{"line":8,"column":24}},"8":{"start":{"line":10,"column":0},"end":{"line":12,"column":3}},"9":{"start":{"line":11,"column":2},"end":{"line":11,"column":54}},"10":{"start":{"line":14,"column":0},"end":{"line":14,"column":68}},"11":{"start":{"line":15,"column":0},"end":{"line":15,"column":62}},"12":{"start":{"line":16,"column":0},"end":{"line":16,"column":66}},"13":{"start":{"line":17,"column":0},"end":{"line":17,"column":64}},"14":{"start":{"line":18,"column":0},"end":{"line":18,"column":53}},"15":{"start":{"line":19,"column":0},"end":{"line":19,"column":56}},"16":{"start":{"line":20,"column":0},"end":{"line":22,"column":3}},"17":{"start":{"line":21,"column":2},"end":{"line":21,"column":47}},"18":{"start":{"line":23,"column":15},"end":{"line":25,"column":1}},"19":{"start":{"line":24,"column":2},"end":{"line":24,"column":57}},"20":{"start":{"line":27,"column":0},"end":{"line":27,"column":33}}},"fnMap":{"0":{"name":"(anonymous_0)","decl":{"start":{"line":10,"column":13},"end":{"line":10,"column":14}},"loc":{"start":{"line":10,"column":33},"end":{"line":12,"column":1}},"line":10},"1":{"name":"(anonymous_1)","decl":{"start":{"line":20,"column":13},"end":{"line":20,"column":14}},"loc":{"start":{"line":20,"column":33},"end":{"line":22,"column":1}},"line":20},"2":{"name":"(anonymous_2)","decl":{"start":{"line":23,"column":33},"end":{"line":23,"column":34}},"loc":{"start":{"line":24,"column":2},"end":{"line":24,"column":57}},"line":24}},"branchMap":{},"s":{"0":6,"1":6,"2":6,"3":6,"4":6,"5":6,"6":6,"7":6,"8":6,"9":0,"10":6,"11":6,"12":6,"13":6,"14":6,"15":6,"16":6,"17":0,"18":6,"19":6,"20":6},"f":{"0":0,"1":0,"2":6},"b":{},"_coverageSchema":"1a1c01bbd47fc00a2c39e90264f33305004495a9","hash":"7dd391ce3bb9dd5e129fa6346bf8de60ff3cb8c8"}
,"C:\\Users\\fabio\\Documents\\TSIW\\2º ano\\2º semestre\\PW2\\Backend_GeoRecycle\\config\\db.config.js": {"path":"C:\\Users\\fabio\\Documents\\TSIW\\2º ano\\2º semestre\\PW2\\Backend_GeoRecycle\\config\\db.config.js","statementMap":{"0":{"start":{"line":1,"column":15},"end":{"line":10,"column":1}},"1":{"start":{"line":12,"column":0},"end":{"line":12,"column":133}},"2":{"start":{"line":15,"column":0},"end":{"line":15,"column":24}}},"fnMap":{},"branchMap":{},"s":{"0":6,"1":6,"2":6},"f":{},"b":{},"_coverageSchema":"1a1c01bbd47fc00a2c39e90264f33305004495a9","hash":"f861e375b00d885f8f38c7483dd974835daf1a00"}
,"C:\\Users\\fabio\\Documents\\TSIW\\2º ano\\2º semestre\\PW2\\Backend_GeoRecycle\\controllers\\auth.controller.js": {"path":"C:\\Users\\fabio\\Documents\\TSIW\\2º ano\\2º semestre\\PW2\\Backend_GeoRecycle\\controllers\\auth.controller.js","statementMap":{"0":{"start":{"line":1,"column":12},"end":{"line":1,"column":35}},"1":{"start":{"line":2,"column":15},"end":{"line":2,"column":48}},"2":{"start":{"line":6,"column":0},"end":{"line":22,"column":2}},"3":{"start":{"line":7,"column":19},"end":{"line":7,"column":77}},"4":{"start":{"line":8,"column":4},"end":{"line":9,"column":88}},"5":{"start":{"line":9,"column":8},"end":{"line":9,"column":88}},"6":{"start":{"line":11,"column":19},"end":{"line":11,"column":36}},"7":{"start":{"line":12,"column":18},"end":{"line":12,"column":27}},"8":{"start":{"line":14,"column":4},"end":{"line":21,"column":5}},"9":{"start":{"line":15,"column":22},"end":{"line":15,"column":54}},"10":{"start":{"line":16,"column":8},"end":{"line":16,"column":38}},"11":{"start":{"line":17,"column":8},"end":{"line":17,"column":42}},"12":{"start":{"line":18,"column":8},"end":{"line":18,"column":15}},"13":{"start":{"line":20,"column":8},"end":{"line":20,"column":84}}},"fnMap":{"0":{"name":"(anonymous_0)","decl":{"start":{"line":6,"column":22},"end":{"line":6,"column":23}},"loc":{"start":{"line":6,"column":42},"end":{"line":22,"column":1}},"line":6}},"branchMap":{"0":{"loc":{"start":{"line":7,"column":19},"end":{"line":7,"column":77}},"type":"binary-expr","locations":[{"start":{"line":7,"column":19},"end":{"line":7,"column":48}},{"start":{"line":7,"column":52},"end":{"line":7,"column":77}}],"line":7},"1":{"loc":{"start":{"line":8,"column":4},"end":{"line":9,"column":88}},"type":"if","locations":[{"start":{"line":8,"column":4},"end":{"line":9,"column":88}},{"start":{},"end":{}}],"line":8}},"s":{"0":6,"1":6,"2":6,"3":28,"4":28,"5":0,"6":28,"7":28,"8":28,"9":28,"10":28,"11":28,"12":28,"13":0},"f":{"0":28},"b":{"0":[28,28],"1":[0,28]},"_coverageSchema":"1a1c01bbd47fc00a2c39e90264f33305004495a9","hash":"fc286c7e283e679a4472110c62f42e6be3d7795c"}
,"C:\\Users\\fabio\\Documents\\TSIW\\2º ano\\2º semestre\\PW2\\Backend_GeoRecycle\\controllers\\badges.controller.js": {"path":"C:\\Users\\fabio\\Documents\\TSIW\\2º ano\\2º semestre\\PW2\\Backend_GeoRecycle\\controllers\\badges.controller.js","statementMap":{"0":{"start":{"line":1,"column":11},"end":{"line":1,"column":31}},"1":{"start":{"line":2,"column":15},"end":{"line":2,"column":24}},"2":{"start":{"line":3,"column":15},"end":{"line":3,"column":48}},"3":{"start":{"line":6,"column":0},"end":{"line":37,"column":2}},"4":{"start":{"line":7,"column":2},"end":{"line":36,"column":3}},"5":{"start":{"line":8,"column":4},"end":{"line":12,"column":9}},"6":{"start":{"line":9,"column":6},"end":{"line":12,"column":9}},"7":{"start":{"line":13,"column":16},"end":{"line":20,"column":5}},"8":{"start":{"line":21,"column":4},"end":{"line":25,"column":9}},"9":{"start":{"line":22,"column":6},"end":{"line":25,"column":9}},"10":{"start":{"line":26,"column":4},"end":{"line":30,"column":7}},"11":{"start":{"line":32,"column":4},"end":{"line":35,"column":7}},"12":{"start":{"line":40,"column":0},"end":{"line":64,"column":2}},"13":{"start":{"line":41,"column":2},"end":{"line":63,"column":3}},"14":{"start":{"line":42,"column":4},"end":{"line":46,"column":9}},"15":{"start":{"line":43,"column":6},"end":{"line":46,"column":9}},"16":{"start":{"line":47,"column":16},"end":{"line":47,"column":61}},"17":{"start":{"line":48,"column":4},"end":{"line":52,"column":9}},"18":{"start":{"line":49,"column":6},"end":{"line":52,"column":9}},"19":{"start":{"line":53,"column":4},"end":{"line":57,"column":7}},"20":{"start":{"line":59,"column":4},"end":{"line":62,"column":7}},"21":{"start":{"line":67,"column":0},"end":{"line":91,"column":2}},"22":{"start":{"line":68,"column":2},"end":{"line":90,"column":3}},"23":{"start":{"line":69,"column":4},"end":{"line":73,"column":9}},"24":{"start":{"line":70,"column":6},"end":{"line":73,"column":9}},"25":{"start":{"line":74,"column":17},"end":{"line":74,"column":36}},"26":{"start":{"line":75,"column":4},"end":{"line":79,"column":9}},"27":{"start":{"line":76,"column":6},"end":{"line":79,"column":9}},"28":{"start":{"line":80,"column":4},"end":{"line":84,"column":7}},"29":{"start":{"line":86,"column":4},"end":{"line":89,"column":7}}},"fnMap":{"0":{"name":"(anonymous_0)","decl":{"start":{"line":6,"column":20},"end":{"line":6,"column":21}},"loc":{"start":{"line":6,"column":40},"end":{"line":37,"column":1}},"line":6},"1":{"name":"(anonymous_1)","decl":{"start":{"line":40,"column":22},"end":{"line":40,"column":23}},"loc":{"start":{"line":40,"column":42},"end":{"line":64,"column":1}},"line":40},"2":{"name":"(anonymous_2)","decl":{"start":{"line":67,"column":23},"end":{"line":67,"column":24}},"loc":{"start":{"line":67,"column":43},"end":{"line":91,"column":1}},"line":67}},"branchMap":{"0":{"loc":{"start":{"line":8,"column":4},"end":{"line":12,"column":9}},"type":"if","locations":[{"start":{"line":8,"column":4},"end":{"line":12,"column":9}},{"start":{},"end":{}}],"line":8},"1":{"loc":{"start":{"line":21,"column":4},"end":{"line":25,"column":9}},"type":"if","locations":[{"start":{"line":21,"column":4},"end":{"line":25,"column":9}},{"start":{},"end":{}}],"line":21},"2":{"loc":{"start":{"line":34,"column":11},"end":{"line":34,"column":72}},"type":"binary-expr","locations":[{"start":{"line":34,"column":11},"end":{"line":34,"column":22}},{"start":{"line":34,"column":26},"end":{"line":34,"column":72}}],"line":34},"3":{"loc":{"start":{"line":42,"column":4},"end":{"line":46,"column":9}},"type":"if","locations":[{"start":{"line":42,"column":4},"end":{"line":46,"column":9}},{"start":{},"end":{}}],"line":42},"4":{"loc":{"start":{"line":48,"column":4},"end":{"line":52,"column":9}},"type":"if","locations":[{"start":{"line":48,"column":4},"end":{"line":52,"column":9}},{"start":{},"end":{}}],"line":48},"5":{"loc":{"start":{"line":61,"column":11},"end":{"line":61,"column":72}},"type":"binary-expr","locations":[{"start":{"line":61,"column":11},"end":{"line":61,"column":22}},{"start":{"line":61,"column":26},"end":{"line":61,"column":72}}],"line":61},"6":{"loc":{"start":{"line":69,"column":4},"end":{"line":73,"column":9}},"type":"if","locations":[{"start":{"line":69,"column":4},"end":{"line":73,"column":9}},{"start":{},"end":{}}],"line":69},"7":{"loc":{"start":{"line":75,"column":4},"end":{"line":79,"column":9}},"type":"if","locations":[{"start":{"line":75,"column":4},"end":{"line":79,"column":9}},{"start":{},"end":{}}],"line":75},"8":{"loc":{"start":{"line":88,"column":11},"end":{"line":88,"column":72}},"type":"binary-expr","locations":[{"start":{"line":88,"column":11},"end":{"line":88,"column":22}},{"start":{"line":88,"column":26},"end":{"line":88,"column":72}}],"line":88}},"s":{"0":6,"1":6,"2":6,"3":6,"4":0,"5":0,"6":0,"7":0,"8":0,"9":0,"10":0,"11":0,"12":6,"13":0,"14":0,"15":0,"16":0,"17":0,"18":0,"19":0,"20":0,"21":6,"22":2,"23":2,"24":1,"25":1,"26":1,"27":0,"28":1,"29":0},"f":{"0":0,"1":0,"2":2},"b":{"0":[0,0],"1":[0,0],"2":[0,0],"3":[0,0],"4":[0,0],"5":[0,0],"6":[1,1],"7":[0,1],"8":[0,0]},"_coverageSchema":"1a1c01bbd47fc00a2c39e90264f33305004495a9","hash":"f5793af9c7cb98c397edeb45866addd372ebc910"}
,"C:\\Users\\fabio\\Documents\\TSIW\\2º ano\\2º semestre\\PW2\\Backend_GeoRecycle\\controllers\\ecopontos.controller.js": {"path":"C:\\Users\\fabio\\Documents\\TSIW\\2º ano\\2º semestre\\PW2\\Backend_GeoRecycle\\controllers\\ecopontos.controller.js","statementMap":{"0":{"start":{"line":1,"column":11},"end":{"line":1,"column":31}},"1":{"start":{"line":2,"column":17},"end":{"line":2,"column":29}},"2":{"start":{"line":3,"column":13},"end":{"line":3,"column":21}},"3":{"start":{"line":4,"column":15},"end":{"line":4,"column":48}},"4":{"start":{"line":5,"column":19},"end":{"line":5,"column":43}},"5":{"start":{"line":7,"column":0},"end":{"line":11,"column":3}},"6":{"start":{"line":14,"column":0},"end":{"line":23,"column":2}},"7":{"start":{"line":15,"column":2},"end":{"line":22,"column":3}},"8":{"start":{"line":16,"column":15},"end":{"line":16,"column":101}},"9":{"start":{"line":17,"column":4},"end":{"line":17,"column":31}},"10":{"start":{"line":19,"column":4},"end":{"line":21,"column":7}},"11":{"start":{"line":26,"column":0},"end":{"line":44,"column":2}},"12":{"start":{"line":27,"column":2},"end":{"line":43,"column":3}},"13":{"start":{"line":28,"column":19},"end":{"line":28,"column":57}},"14":{"start":{"line":29,"column":4},"end":{"line":33,"column":9}},"15":{"start":{"line":30,"column":6},"end":{"line":33,"column":9}},"16":{"start":{"line":34,"column":4},"end":{"line":37,"column":7}},"17":{"start":{"line":39,"column":4},"end":{"line":42,"column":7}},"18":{"start":{"line":47,"column":0},"end":{"line":100,"column":2}},"19":{"start":{"line":48,"column":2},"end":{"line":99,"column":3}},"20":{"start":{"line":50,"column":20},"end":{"line":50,"column":71}},"21":{"start":{"line":51,"column":4},"end":{"line":56,"column":5}},"22":{"start":{"line":52,"column":6},"end":{"line":55,"column":9}},"23":{"start":{"line":58,"column":26},"end":{"line":58,"column":30}},"24":{"start":{"line":59,"column":4},"end":{"line":69,"column":5}},"25":{"start":{"line":60,"column":6},"end":{"line":63,"column":9}},"26":{"start":{"line":65,"column":6},"end":{"line":68,"column":9}},"27":{"start":{"line":72,"column":4},"end":{"line":77,"column":5}},"28":{"start":{"line":73,"column":6},"end":{"line":76,"column":9}},"29":{"start":{"line":78,"column":4},"end":{"line":78,"column":30}},"30":{"start":{"line":80,"column":14},"end":{"line":80,"column":46}},"31":{"start":{"line":81,"column":14},"end":{"line":81,"column":46}},"32":{"start":{"line":82,"column":22},"end":{"line":91,"column":6}},"33":{"start":{"line":93,"column":4},"end":{"line":93,"column":29}},"34":{"start":{"line":94,"column":4},"end":{"line":94,"column":32}},"35":{"start":{"line":95,"column":4},"end":{"line":95,"column":70}},"36":{"start":{"line":97,"column":4},"end":{"line":97,"column":20}},"37":{"start":{"line":98,"column":4},"end":{"line":98,"column":51}},"38":{"start":{"line":103,"column":0},"end":{"line":159,"column":2}},"39":{"start":{"line":104,"column":2},"end":{"line":158,"column":3}},"40":{"start":{"line":105,"column":4},"end":{"line":109,"column":9}},"41":{"start":{"line":106,"column":6},"end":{"line":109,"column":9}},"42":{"start":{"line":111,"column":21},"end":{"line":111,"column":34}},"43":{"start":{"line":112,"column":4},"end":{"line":117,"column":5}},"44":{"start":{"line":113,"column":6},"end":{"line":116,"column":9}},"45":{"start":{"line":119,"column":4},"end":{"line":126,"column":5}},"46":{"start":{"line":121,"column":6},"end":{"line":121,"column":51}},"47":{"start":{"line":122,"column":6},"end":{"line":125,"column":9}},"48":{"start":{"line":128,"column":19},"end":{"line":128,"column":54}},"49":{"start":{"line":129,"column":4},"end":{"line":134,"column":5}},"50":{"start":{"line":130,"column":6},"end":{"line":133,"column":9}},"51":{"start":{"line":136,"column":4},"end":{"line":136,"column":30}},"52":{"start":{"line":137,"column":4},"end":{"line":137,"column":58}},"53":{"start":{"line":138,"column":4},"end":{"line":138,"column":26}},"54":{"start":{"line":140,"column":4},"end":{"line":148,"column":5}},"55":{"start":{"line":141,"column":19},"end":{"line":141,"column":55}},"56":{"start":{"line":142,"column":6},"end":{"line":147,"column":7}},"57":{"start":{"line":143,"column":8},"end":{"line":143,"column":27}},"58":{"start":{"line":144,"column":8},"end":{"line":144,"column":28}},"59":{"start":{"line":145,"column":8},"end":{"line":145,"column":38}},"60":{"start":{"line":146,"column":8},"end":{"line":146,"column":26}},"61":{"start":{"line":149,"column":4},"end":{"line":152,"column":7}},"62":{"start":{"line":154,"column":4},"end":{"line":157,"column":7}},"63":{"start":{"line":163,"column":0},"end":{"line":192,"column":2}},"64":{"start":{"line":164,"column":2},"end":{"line":191,"column":3}},"65":{"start":{"line":165,"column":4},"end":{"line":169,"column":9}},"66":{"start":{"line":166,"column":6},"end":{"line":169,"column":9}},"67":{"start":{"line":171,"column":20},"end":{"line":171,"column":62}},"68":{"start":{"line":173,"column":4},"end":{"line":178,"column":5}},"69":{"start":{"line":174,"column":6},"end":{"line":177,"column":9}},"70":{"start":{"line":181,"column":4},"end":{"line":184,"column":7}},"71":{"start":{"line":187,"column":4},"end":{"line":190,"column":7}},"72":{"start":{"line":194,"column":0},"end":{"line":231,"column":1}},"73":{"start":{"line":195,"column":2},"end":{"line":230,"column":3}},"74":{"start":{"line":196,"column":4},"end":{"line":200,"column":9}},"75":{"start":{"line":197,"column":6},"end":{"line":200,"column":9}},"76":{"start":{"line":202,"column":21},"end":{"line":202,"column":34}},"77":{"start":{"line":203,"column":4},"end":{"line":208,"column":5}},"78":{"start":{"line":204,"column":6},"end":{"line":207,"column":9}},"79":{"start":{"line":210,"column":19},"end":{"line":210,"column":54}},"80":{"start":{"line":211,"column":4},"end":{"line":216,"column":5}},"81":{"start":{"line":212,"column":6},"end":{"line":215,"column":9}},"82":{"start":{"line":218,"column":4},"end":{"line":218,"column":38}},"83":{"start":{"line":219,"column":4},"end":{"line":219,"column":26}},"84":{"start":{"line":221,"column":4},"end":{"line":224,"column":7}},"85":{"start":{"line":226,"column":4},"end":{"line":229,"column":7}}},"fnMap":{"0":{"name":"(anonymous_0)","decl":{"start":{"line":14,"column":18},"end":{"line":14,"column":19}},"loc":{"start":{"line":14,"column":38},"end":{"line":23,"column":1}},"line":14},"1":{"name":"(anonymous_1)","decl":{"start":{"line":26,"column":22},"end":{"line":26,"column":23}},"loc":{"start":{"line":26,"column":42},"end":{"line":44,"column":1}},"line":26},"2":{"name":"(anonymous_2)","decl":{"start":{"line":47,"column":25},"end":{"line":47,"column":26}},"loc":{"start":{"line":47,"column":45},"end":{"line":100,"column":1}},"line":47},"3":{"name":"(anonymous_3)","decl":{"start":{"line":103,"column":26},"end":{"line":103,"column":27}},"loc":{"start":{"line":103,"column":46},"end":{"line":159,"column":1}},"line":103},"4":{"name":"(anonymous_4)","decl":{"start":{"line":163,"column":33},"end":{"line":163,"column":34}},"loc":{"start":{"line":163,"column":53},"end":{"line":192,"column":1}},"line":163},"5":{"name":"(anonymous_5)","decl":{"start":{"line":194,"column":25},"end":{"line":194,"column":26}},"loc":{"start":{"line":194,"column":45},"end":{"line":231,"column":1}},"line":194}},"branchMap":{"0":{"loc":{"start":{"line":20,"column":15},"end":{"line":20,"column":74}},"type":"binary-expr","locations":[{"start":{"line":20,"column":15},"end":{"line":20,"column":26}},{"start":{"line":20,"column":30},"end":{"line":20,"column":74}}],"line":20},"1":{"loc":{"start":{"line":29,"column":4},"end":{"line":33,"column":9}},"type":"if","locations":[{"start":{"line":29,"column":4},"end":{"line":33,"column":9}},{"start":{},"end":{}}],"line":29},"2":{"loc":{"start":{"line":41,"column":11},"end":{"line":41,"column":72}},"type":"binary-expr","locations":[{"start":{"line":41,"column":11},"end":{"line":41,"column":22}},{"start":{"line":41,"column":26},"end":{"line":41,"column":72}}],"line":41},"3":{"loc":{"start":{"line":51,"column":4},"end":{"line":56,"column":5}},"type":"if","locations":[{"start":{"line":51,"column":4},"end":{"line":56,"column":5}},{"start":{},"end":{}}],"line":51},"4":{"loc":{"start":{"line":59,"column":4},"end":{"line":69,"column":5}},"type":"if","locations":[{"start":{"line":59,"column":4},"end":{"line":69,"column":5}},{"start":{"line":64,"column":11},"end":{"line":69,"column":5}}],"line":59},"5":{"loc":{"start":{"line":72,"column":4},"end":{"line":77,"column":5}},"type":"if","locations":[{"start":{"line":72,"column":4},"end":{"line":77,"column":5}},{"start":{},"end":{}}],"line":72},"6":{"loc":{"start":{"line":105,"column":4},"end":{"line":109,"column":9}},"type":"if","locations":[{"start":{"line":105,"column":4},"end":{"line":109,"column":9}},{"start":{},"end":{}}],"line":105},"7":{"loc":{"start":{"line":112,"column":4},"end":{"line":117,"column":5}},"type":"if","locations":[{"start":{"line":112,"column":4},"end":{"line":117,"column":5}},{"start":{},"end":{}}],"line":112},"8":{"loc":{"start":{"line":119,"column":4},"end":{"line":126,"column":5}},"type":"if","locations":[{"start":{"line":119,"column":4},"end":{"line":126,"column":5}},{"start":{},"end":{}}],"line":119},"9":{"loc":{"start":{"line":129,"column":4},"end":{"line":134,"column":5}},"type":"if","locations":[{"start":{"line":129,"column":4},"end":{"line":134,"column":5}},{"start":{},"end":{}}],"line":129},"10":{"loc":{"start":{"line":140,"column":4},"end":{"line":148,"column":5}},"type":"if","locations":[{"start":{"line":140,"column":4},"end":{"line":148,"column":5}},{"start":{},"end":{}}],"line":140},"11":{"loc":{"start":{"line":142,"column":6},"end":{"line":147,"column":7}},"type":"if","locations":[{"start":{"line":142,"column":6},"end":{"line":147,"column":7}},{"start":{},"end":{}}],"line":142},"12":{"loc":{"start":{"line":156,"column":11},"end":{"line":156,"column":72}},"type":"binary-expr","locations":[{"start":{"line":156,"column":11},"end":{"line":156,"column":22}},{"start":{"line":156,"column":26},"end":{"line":156,"column":72}}],"line":156},"13":{"loc":{"start":{"line":165,"column":4},"end":{"line":169,"column":9}},"type":"if","locations":[{"start":{"line":165,"column":4},"end":{"line":169,"column":9}},{"start":{},"end":{}}],"line":165},"14":{"loc":{"start":{"line":173,"column":4},"end":{"line":178,"column":5}},"type":"if","locations":[{"start":{"line":173,"column":4},"end":{"line":178,"column":5}},{"start":{},"end":{}}],"line":173},"15":{"loc":{"start":{"line":189,"column":11},"end":{"line":189,"column":72}},"type":"binary-expr","locations":[{"start":{"line":189,"column":11},"end":{"line":189,"column":22}},{"start":{"line":189,"column":26},"end":{"line":189,"column":72}}],"line":189},"16":{"loc":{"start":{"line":196,"column":4},"end":{"line":200,"column":9}},"type":"if","locations":[{"start":{"line":196,"column":4},"end":{"line":200,"column":9}},{"start":{},"end":{}}],"line":196},"17":{"loc":{"start":{"line":203,"column":4},"end":{"line":208,"column":5}},"type":"if","locations":[{"start":{"line":203,"column":4},"end":{"line":208,"column":5}},{"start":{},"end":{}}],"line":203},"18":{"loc":{"start":{"line":211,"column":4},"end":{"line":216,"column":5}},"type":"if","locations":[{"start":{"line":211,"column":4},"end":{"line":216,"column":5}},{"start":{},"end":{}}],"line":211},"19":{"loc":{"start":{"line":228,"column":11},"end":{"line":228,"column":72}},"type":"binary-expr","locations":[{"start":{"line":228,"column":11},"end":{"line":228,"column":22}},{"start":{"line":228,"column":26},"end":{"line":228,"column":72}}],"line":228}},"s":{"0":6,"1":6,"2":6,"3":6,"4":6,"5":6,"6":6,"7":1,"8":1,"9":1,"10":0,"11":6,"12":1,"13":1,"14":1,"15":0,"16":1,"17":0,"18":6,"19":0,"20":0,"21":0,"22":0,"23":0,"24":0,"25":0,"26":0,"27":0,"28":0,"29":0,"30":0,"31":0,"32":0,"33":0,"34":0,"35":0,"36":0,"37":0,"38":6,"39":0,"40":0,"41":0,"42":0,"43":0,"44":0,"45":0,"46":0,"47":0,"48":0,"49":0,"50":0,"51":0,"52":0,"53":0,"54":0,"55":0,"56":0,"57":0,"58":0,"59":0,"60":0,"61":0,"62":0,"63":6,"64":1,"65":1,"66":0,"67":1,"68":1,"69":0,"70":1,"71":0,"72":6,"73":0,"74":0,"75":0,"76":0,"77":0,"78":0,"79":0,"80":0,"81":0,"82":0,"83":0,"84":0,"85":0},"f":{"0":1,"1":1,"2":0,"3":0,"4":1,"5":0},"b":{"0":[0,0],"1":[0,1],"2":[0,0],"3":[0,0],"4":[0,0],"5":[0,0],"6":[0,0],"7":[0,0],"8":[0,0],"9":[0,0],"10":[0,0],"11":[0,0],"12":[0,0],"13":[0,1],"14":[0,1],"15":[0,0],"16":[0,0],"17":[0,0],"18":[0,0],"19":[0,0]},"_coverageSchema":"1a1c01bbd47fc00a2c39e90264f33305004495a9","hash":"1f5239a7ecf21de71c1d4b6c198256b61db01b2e"}
,"C:\\Users\\fabio\\Documents\\TSIW\\2º ano\\2º semestre\\PW2\\Backend_GeoRecycle\\controllers\\items.controller.js": {"path":"C:\\Users\\fabio\\Documents\\TSIW\\2º ano\\2º semestre\\PW2\\Backend_GeoRecycle\\controllers\\items.controller.js","statementMap":{"0":{"start":{"line":1,"column":11},"end":{"line":1,"column":31}},"1":{"start":{"line":2,"column":14},"end":{"line":2,"column":22}},"2":{"start":{"line":3,"column":13},"end":{"line":3,"column":21}},"3":{"start":{"line":4,"column":15},"end":{"line":4,"column":48}},"4":{"start":{"line":7,"column":0},"end":{"line":27,"column":2}},"5":{"start":{"line":8,"column":2},"end":{"line":26,"column":3}},"6":{"start":{"line":9,"column":4},"end":{"line":13,"column":9}},"7":{"start":{"line":10,"column":6},"end":{"line":13,"column":9}},"8":{"start":{"line":14,"column":16},"end":{"line":14,"column":36}},"9":{"start":{"line":15,"column":4},"end":{"line":15,"column":23}},"10":{"start":{"line":16,"column":4},"end":{"line":20,"column":7}},"11":{"start":{"line":22,"column":4},"end":{"line":25,"column":7}},"12":{"start":{"line":31,"column":0},"end":{"line":45,"column":2}},"13":{"start":{"line":32,"column":2},"end":{"line":44,"column":3}},"14":{"start":{"line":33,"column":16},"end":{"line":33,"column":66}},"15":{"start":{"line":34,"column":4},"end":{"line":38,"column":7}},"16":{"start":{"line":40,"column":4},"end":{"line":43,"column":7}},"17":{"start":{"line":49,"column":0},"end":{"line":73,"column":1}},"18":{"start":{"line":50,"column":2},"end":{"line":72,"column":3}},"19":{"start":{"line":51,"column":4},"end":{"line":55,"column":9}},"20":{"start":{"line":52,"column":6},"end":{"line":55,"column":9}},"21":{"start":{"line":56,"column":15},"end":{"line":56,"column":59}},"22":{"start":{"line":57,"column":4},"end":{"line":61,"column":9}},"23":{"start":{"line":58,"column":6},"end":{"line":61,"column":9}},"24":{"start":{"line":62,"column":4},"end":{"line":66,"column":7}},"25":{"start":{"line":68,"column":4},"end":{"line":71,"column":7}},"26":{"start":{"line":77,"column":0},"end":{"line":109,"column":1}},"27":{"start":{"line":78,"column":24},"end":{"line":78,"column":32}},"28":{"start":{"line":79,"column":2},"end":{"line":108,"column":3}},"29":{"start":{"line":80,"column":4},"end":{"line":84,"column":9}},"30":{"start":{"line":81,"column":6},"end":{"line":84,"column":9}},"31":{"start":{"line":85,"column":15},"end":{"line":85,"column":50}},"32":{"start":{"line":86,"column":4},"end":{"line":90,"column":9}},"33":{"start":{"line":87,"column":6},"end":{"line":90,"column":9}},"34":{"start":{"line":91,"column":4},"end":{"line":92,"column":25}},"35":{"start":{"line":92,"column":6},"end":{"line":92,"column":25}},"36":{"start":{"line":93,"column":4},"end":{"line":94,"column":25}},"37":{"start":{"line":94,"column":6},"end":{"line":94,"column":25}},"38":{"start":{"line":96,"column":4},"end":{"line":96,"column":22}},"39":{"start":{"line":97,"column":4},"end":{"line":101,"column":7}},"40":{"start":{"line":104,"column":4},"end":{"line":107,"column":7}},"41":{"start":{"line":111,"column":0},"end":{"line":150,"column":1}},"42":{"start":{"line":112,"column":2},"end":{"line":149,"column":3}},"43":{"start":{"line":113,"column":15},"end":{"line":113,"column":50}},"44":{"start":{"line":114,"column":4},"end":{"line":118,"column":9}},"45":{"start":{"line":115,"column":6},"end":{"line":118,"column":9}},"46":{"start":{"line":119,"column":4},"end":{"line":123,"column":9}},"47":{"start":{"line":120,"column":6},"end":{"line":123,"column":9}},"48":{"start":{"line":124,"column":4},"end":{"line":137,"column":5}},"49":{"start":{"line":125,"column":19},"end":{"line":125,"column":56}},"50":{"start":{"line":126,"column":6},"end":{"line":136,"column":7}},"51":{"start":{"line":127,"column":8},"end":{"line":130,"column":11}},"52":{"start":{"line":132,"column":8},"end":{"line":132,"column":34}},"53":{"start":{"line":133,"column":8},"end":{"line":133,"column":24}},"54":{"start":{"line":134,"column":8},"end":{"line":134,"column":26}},"55":{"start":{"line":135,"column":8},"end":{"line":135,"column":26}},"56":{"start":{"line":138,"column":4},"end":{"line":142,"column":7}},"57":{"start":{"line":145,"column":4},"end":{"line":148,"column":7}}},"fnMap":{"0":{"name":"(anonymous_0)","decl":{"start":{"line":7,"column":29},"end":{"line":7,"column":30}},"loc":{"start":{"line":7,"column":49},"end":{"line":27,"column":1}},"line":7},"1":{"name":"(anonymous_1)","decl":{"start":{"line":31,"column":28},"end":{"line":31,"column":29}},"loc":{"start":{"line":31,"column":48},"end":{"line":45,"column":1}},"line":31},"2":{"name":"(anonymous_2)","decl":{"start":{"line":49,"column":21},"end":{"line":49,"column":22}},"loc":{"start":{"line":49,"column":41},"end":{"line":73,"column":1}},"line":49},"3":{"name":"(anonymous_3)","decl":{"start":{"line":77,"column":21},"end":{"line":77,"column":22}},"loc":{"start":{"line":77,"column":41},"end":{"line":109,"column":1}},"line":77},"4":{"name":"(anonymous_4)","decl":{"start":{"line":111,"column":18},"end":{"line":111,"column":19}},"loc":{"start":{"line":111,"column":38},"end":{"line":150,"column":1}},"line":111}},"branchMap":{"0":{"loc":{"start":{"line":9,"column":4},"end":{"line":13,"column":9}},"type":"if","locations":[{"start":{"line":9,"column":4},"end":{"line":13,"column":9}},{"start":{},"end":{}}],"line":9},"1":{"loc":{"start":{"line":24,"column":11},"end":{"line":24,"column":72}},"type":"binary-expr","locations":[{"start":{"line":24,"column":11},"end":{"line":24,"column":22}},{"start":{"line":24,"column":26},"end":{"line":24,"column":72}}],"line":24},"2":{"loc":{"start":{"line":42,"column":11},"end":{"line":42,"column":72}},"type":"binary-expr","locations":[{"start":{"line":42,"column":11},"end":{"line":42,"column":22}},{"start":{"line":42,"column":26},"end":{"line":42,"column":72}}],"line":42},"3":{"loc":{"start":{"line":51,"column":4},"end":{"line":55,"column":9}},"type":"if","locations":[{"start":{"line":51,"column":4},"end":{"line":55,"column":9}},{"start":{},"end":{}}],"line":51},"4":{"loc":{"start":{"line":57,"column":4},"end":{"line":61,"column":9}},"type":"if","locations":[{"start":{"line":57,"column":4},"end":{"line":61,"column":9}},{"start":{},"end":{}}],"line":57},"5":{"loc":{"start":{"line":70,"column":11},"end":{"line":70,"column":72}},"type":"binary-expr","locations":[{"start":{"line":70,"column":11},"end":{"line":70,"column":22}},{"start":{"line":70,"column":26},"end":{"line":70,"column":72}}],"line":70},"6":{"loc":{"start":{"line":80,"column":4},"end":{"line":84,"column":9}},"type":"if","locations":[{"start":{"line":80,"column":4},"end":{"line":84,"column":9}},{"start":{},"end":{}}],"line":80},"7":{"loc":{"start":{"line":86,"column":4},"end":{"line":90,"column":9}},"type":"if","locations":[{"start":{"line":86,"column":4},"end":{"line":90,"column":9}},{"start":{},"end":{}}],"line":86},"8":{"loc":{"start":{"line":91,"column":4},"end":{"line":92,"column":25}},"type":"if","locations":[{"start":{"line":91,"column":4},"end":{"line":92,"column":25}},{"start":{},"end":{}}],"line":91},"9":{"loc":{"start":{"line":93,"column":4},"end":{"line":94,"column":25}},"type":"if","locations":[{"start":{"line":93,"column":4},"end":{"line":94,"column":25}},{"start":{},"end":{}}],"line":93},"10":{"loc":{"start":{"line":114,"column":4},"end":{"line":118,"column":9}},"type":"if","locations":[{"start":{"line":114,"column":4},"end":{"line":118,"column":9}},{"start":{},"end":{}}],"line":114},"11":{"loc":{"start":{"line":119,"column":4},"end":{"line":123,"column":9}},"type":"if","locations":[{"start":{"line":119,"column":4},"end":{"line":123,"column":9}},{"start":{},"end":{}}],"line":119},"12":{"loc":{"start":{"line":124,"column":4},"end":{"line":137,"column":5}},"type":"if","locations":[{"start":{"line":124,"column":4},"end":{"line":137,"column":5}},{"start":{},"end":{}}],"line":124},"13":{"loc":{"start":{"line":126,"column":6},"end":{"line":136,"column":7}},"type":"if","locations":[{"start":{"line":126,"column":6},"end":{"line":136,"column":7}},{"start":{"line":131,"column":13},"end":{"line":136,"column":7}}],"line":126}},"s":{"0":6,"1":6,"2":6,"3":6,"4":6,"5":2,"6":2,"7":1,"8":1,"9":1,"10":1,"11":0,"12":6,"13":1,"14":1,"15":1,"16":0,"17":6,"18":0,"19":0,"20":0,"21":0,"22":0,"23":0,"24":0,"25":0,"26":6,"27":2,"28":2,"29":2,"30":1,"31":1,"32":1,"33":0,"34":1,"35":0,"36":1,"37":1,"38":1,"39":1,"40":0,"41":6,"42":0,"43":0,"44":0,"45":0,"46":0,"47":0,"48":0,"49":0,"50":0,"51":0,"52":0,"53":0,"54":0,"55":0,"56":0,"57":0},"f":{"0":2,"1":1,"2":0,"3":2,"4":0},"b":{"0":[1,1],"1":[0,0],"2":[0,0],"3":[0,0],"4":[0,0],"5":[0,0],"6":[1,1],"7":[0,1],"8":[0,1],"9":[1,0],"10":[0,0],"11":[0,0],"12":[0,0],"13":[0,0]},"_coverageSchema":"1a1c01bbd47fc00a2c39e90264f33305004495a9","hash":"ecfcd97156dbac26125983c5d4c0e958c6107082"}
,"C:\\Users\\fabio\\Documents\\TSIW\\2º ano\\2º semestre\\PW2\\Backend_GeoRecycle\\controllers\\leaderboard.controller.js": {"path":"C:\\Users\\fabio\\Documents\\TSIW\\2º ano\\2º semestre\\PW2\\Backend_GeoRecycle\\controllers\\leaderboard.controller.js","statementMap":{"0":{"start":{"line":1,"column":11},"end":{"line":1,"column":31}},"1":{"start":{"line":2,"column":21},"end":{"line":2,"column":29}},"2":{"start":{"line":3,"column":15},"end":{"line":3,"column":48}},"3":{"start":{"line":6,"column":0},"end":{"line":22,"column":2}},"4":{"start":{"line":7,"column":2},"end":{"line":21,"column":3}},"5":{"start":{"line":8,"column":16},"end":{"line":8,"column":41}},"6":{"start":{"line":9,"column":4},"end":{"line":9,"column":27}},"7":{"start":{"line":9,"column":16},"end":{"line":9,"column":27}},"8":{"start":{"line":10,"column":16},"end":{"line":12,"column":19}},"9":{"start":{"line":13,"column":4},"end":{"line":16,"column":7}},"10":{"start":{"line":18,"column":4},"end":{"line":20,"column":7}},"11":{"start":{"line":25,"column":0},"end":{"line":44,"column":2}},"12":{"start":{"line":26,"column":2},"end":{"line":43,"column":3}},"13":{"start":{"line":27,"column":16},"end":{"line":27,"column":41}},"14":{"start":{"line":28,"column":4},"end":{"line":28,"column":27}},"15":{"start":{"line":28,"column":16},"end":{"line":28,"column":27}},"16":{"start":{"line":29,"column":16},"end":{"line":34,"column":19}},"17":{"start":{"line":35,"column":4},"end":{"line":38,"column":7}},"18":{"start":{"line":40,"column":4},"end":{"line":42,"column":7}}},"fnMap":{"0":{"name":"(anonymous_0)","decl":{"start":{"line":6,"column":30},"end":{"line":6,"column":31}},"loc":{"start":{"line":6,"column":50},"end":{"line":22,"column":1}},"line":6},"1":{"name":"(anonymous_1)","decl":{"start":{"line":25,"column":33},"end":{"line":25,"column":34}},"loc":{"start":{"line":25,"column":53},"end":{"line":44,"column":1}},"line":25}},"branchMap":{"0":{"loc":{"start":{"line":9,"column":4},"end":{"line":9,"column":27}},"type":"if","locations":[{"start":{"line":9,"column":4},"end":{"line":9,"column":27}},{"start":{},"end":{}}],"line":9},"1":{"loc":{"start":{"line":19,"column":15},"end":{"line":19,"column":76}},"type":"binary-expr","locations":[{"start":{"line":19,"column":15},"end":{"line":19,"column":26}},{"start":{"line":19,"column":30},"end":{"line":19,"column":76}}],"line":19},"2":{"loc":{"start":{"line":28,"column":4},"end":{"line":28,"column":27}},"type":"if","locations":[{"start":{"line":28,"column":4},"end":{"line":28,"column":27}},{"start":{},"end":{}}],"line":28},"3":{"loc":{"start":{"line":41,"column":15},"end":{"line":41,"column":77}},"type":"binary-expr","locations":[{"start":{"line":41,"column":15},"end":{"line":41,"column":26}},{"start":{"line":41,"column":30},"end":{"line":41,"column":77}}],"line":41}},"s":{"0":6,"1":6,"2":6,"3":6,"4":1,"5":1,"6":1,"7":1,"8":1,"9":1,"10":0,"11":6,"12":1,"13":1,"14":1,"15":1,"16":1,"17":1,"18":0},"f":{"0":1,"1":1},"b":{"0":[1,0],"1":[0,0],"2":[1,0],"3":[0,0]},"_coverageSchema":"1a1c01bbd47fc00a2c39e90264f33305004495a9","hash":"7fcd7d424ae8bd45f61633a7fb565d9951b86996"}
,"C:\\Users\\fabio\\Documents\\TSIW\\2º ano\\2º semestre\\PW2\\Backend_GeoRecycle\\controllers\\utilizacao.controller.js": {"path":"C:\\Users\\fabio\\Documents\\TSIW\\2º ano\\2º semestre\\PW2\\Backend_GeoRecycle\\controllers\\utilizacao.controller.js","statementMap":{"0":{"start":{"line":1,"column":11},"end":{"line":1,"column":31}},"1":{"start":{"line":2,"column":19},"end":{"line":2,"column":33}},"2":{"start":{"line":3,"column":13},"end":{"line":3,"column":21}},"3":{"start":{"line":4,"column":17},"end":{"line":4,"column":29}},"4":{"start":{"line":5,"column":15},"end":{"line":5,"column":48}},"5":{"start":{"line":6,"column":19},"end":{"line":6,"column":43}},"6":{"start":{"line":8,"column":0},"end":{"line":12,"column":3}},"7":{"start":{"line":18,"column":0},"end":{"line":59,"column":2}},"8":{"start":{"line":19,"column":2},"end":{"line":58,"column":3}},"9":{"start":{"line":20,"column":21},"end":{"line":20,"column":34}},"10":{"start":{"line":21,"column":4},"end":{"line":26,"column":5}},"11":{"start":{"line":22,"column":6},"end":{"line":25,"column":9}},"12":{"start":{"line":28,"column":27},"end":{"line":28,"column":31}},"13":{"start":{"line":29,"column":4},"end":{"line":39,"column":5}},"14":{"start":{"line":30,"column":6},"end":{"line":33,"column":9}},"15":{"start":{"line":35,"column":6},"end":{"line":38,"column":9}},"16":{"start":{"line":41,"column":24},"end":{"line":46,"column":6}},"17":{"start":{"line":47,"column":4},"end":{"line":47,"column":31}},"18":{"start":{"line":49,"column":4},"end":{"line":52,"column":7}},"19":{"start":{"line":54,"column":4},"end":{"line":57,"column":7}},"20":{"start":{"line":62,"column":0},"end":{"line":141,"column":2}},"21":{"start":{"line":63,"column":2},"end":{"line":140,"column":3}},"22":{"start":{"line":64,"column":4},"end":{"line":68,"column":9}},"23":{"start":{"line":65,"column":6},"end":{"line":68,"column":9}},"24":{"start":{"line":70,"column":23},"end":{"line":70,"column":36}},"25":{"start":{"line":71,"column":4},"end":{"line":76,"column":5}},"26":{"start":{"line":72,"column":6},"end":{"line":75,"column":9}},"27":{"start":{"line":78,"column":4},"end":{"line":89,"column":5}},"28":{"start":{"line":80,"column":25},"end":{"line":80,"column":73}},"29":{"start":{"line":81,"column":8},"end":{"line":84,"column":9}},"30":{"start":{"line":82,"column":26},"end":{"line":82,"column":72}},"31":{"start":{"line":83,"column":10},"end":{"line":83,"column":55}},"32":{"start":{"line":85,"column":6},"end":{"line":88,"column":9}},"33":{"start":{"line":91,"column":21},"end":{"line":91,"column":60}},"34":{"start":{"line":92,"column":4},"end":{"line":102,"column":5}},"35":{"start":{"line":93,"column":6},"end":{"line":96,"column":9}},"36":{"start":{"line":97,"column":11},"end":{"line":102,"column":5}},"37":{"start":{"line":98,"column":6},"end":{"line":101,"column":9}},"38":{"start":{"line":104,"column":4},"end":{"line":104,"column":33}},"39":{"start":{"line":105,"column":4},"end":{"line":105,"column":64}},"40":{"start":{"line":106,"column":4},"end":{"line":106,"column":28}},"41":{"start":{"line":108,"column":4},"end":{"line":130,"column":5}},"42":{"start":{"line":109,"column":23},"end":{"line":109,"column":69}},"43":{"start":{"line":110,"column":19},"end":{"line":110,"column":57}},"44":{"start":{"line":111,"column":6},"end":{"line":129,"column":7}},"45":{"start":{"line":112,"column":8},"end":{"line":112,"column":27}},"46":{"start":{"line":113,"column":8},"end":{"line":113,"column":28}},"47":{"start":{"line":114,"column":8},"end":{"line":114,"column":34}},"48":{"start":{"line":115,"column":8},"end":{"line":115,"column":34}},"49":{"start":{"line":117,"column":8},"end":{"line":119,"column":9}},"50":{"start":{"line":118,"column":10},"end":{"line":118,"column":55}},"51":{"start":{"line":120,"column":8},"end":{"line":122,"column":9}},"52":{"start":{"line":121,"column":10},"end":{"line":121,"column":55}},"53":{"start":{"line":123,"column":8},"end":{"line":125,"column":9}},"54":{"start":{"line":124,"column":10},"end":{"line":124,"column":55}},"55":{"start":{"line":127,"column":8},"end":{"line":127,"column":26}},"56":{"start":{"line":128,"column":8},"end":{"line":128,"column":30}},"57":{"start":{"line":131,"column":4},"end":{"line":134,"column":7}},"58":{"start":{"line":136,"column":4},"end":{"line":139,"column":7}},"59":{"start":{"line":144,"column":0},"end":{"line":169,"column":2}},"60":{"start":{"line":145,"column":2},"end":{"line":168,"column":3}},"61":{"start":{"line":146,"column":4},"end":{"line":150,"column":9}},"62":{"start":{"line":147,"column":6},"end":{"line":150,"column":9}},"63":{"start":{"line":151,"column":22},"end":{"line":151,"column":66}},"64":{"start":{"line":153,"column":4},"end":{"line":158,"column":5}},"65":{"start":{"line":154,"column":6},"end":{"line":157,"column":9}},"66":{"start":{"line":159,"column":4},"end":{"line":162,"column":7}},"67":{"start":{"line":164,"column":4},"end":{"line":167,"column":7}},"68":{"start":{"line":171,"column":0},"end":{"line":204,"column":2}},"69":{"start":{"line":172,"column":2},"end":{"line":203,"column":3}},"70":{"start":{"line":173,"column":15},"end":{"line":173,"column":53}},"71":{"start":{"line":174,"column":22},"end":{"line":181,"column":5}},"72":{"start":{"line":182,"column":4},"end":{"line":187,"column":5}},"73":{"start":{"line":183,"column":6},"end":{"line":186,"column":9}},"74":{"start":{"line":188,"column":4},"end":{"line":193,"column":5}},"75":{"start":{"line":189,"column":6},"end":{"line":192,"column":9}},"76":{"start":{"line":194,"column":4},"end":{"line":197,"column":7}},"77":{"start":{"line":199,"column":4},"end":{"line":202,"column":7}}},"fnMap":{"0":{"name":"(anonymous_0)","decl":{"start":{"line":18,"column":29},"end":{"line":18,"column":30}},"loc":{"start":{"line":18,"column":49},"end":{"line":59,"column":1}},"line":18},"1":{"name":"(anonymous_1)","decl":{"start":{"line":62,"column":28},"end":{"line":62,"column":29}},"loc":{"start":{"line":62,"column":48},"end":{"line":141,"column":1}},"line":62},"2":{"name":"(anonymous_2)","decl":{"start":{"line":144,"column":34},"end":{"line":144,"column":35}},"loc":{"start":{"line":144,"column":54},"end":{"line":169,"column":1}},"line":144},"3":{"name":"(anonymous_3)","decl":{"start":{"line":171,"column":31},"end":{"line":171,"column":32}},"loc":{"start":{"line":171,"column":51},"end":{"line":204,"column":1}},"line":171}},"branchMap":{"0":{"loc":{"start":{"line":21,"column":4},"end":{"line":26,"column":5}},"type":"if","locations":[{"start":{"line":21,"column":4},"end":{"line":26,"column":5}},{"start":{},"end":{}}],"line":21},"1":{"loc":{"start":{"line":29,"column":4},"end":{"line":39,"column":5}},"type":"if","locations":[{"start":{"line":29,"column":4},"end":{"line":39,"column":5}},{"start":{"line":34,"column":10},"end":{"line":39,"column":5}}],"line":29},"2":{"loc":{"start":{"line":56,"column":11},"end":{"line":56,"column":72}},"type":"binary-expr","locations":[{"start":{"line":56,"column":11},"end":{"line":56,"column":22}},{"start":{"line":56,"column":26},"end":{"line":56,"column":72}}],"line":56},"3":{"loc":{"start":{"line":64,"column":4},"end":{"line":68,"column":9}},"type":"if","locations":[{"start":{"line":64,"column":4},"end":{"line":68,"column":9}},{"start":{},"end":{}}],"line":64},"4":{"loc":{"start":{"line":71,"column":4},"end":{"line":76,"column":5}},"type":"if","locations":[{"start":{"line":71,"column":4},"end":{"line":76,"column":5}},{"start":{},"end":{}}],"line":71},"5":{"loc":{"start":{"line":78,"column":4},"end":{"line":89,"column":5}},"type":"if","locations":[{"start":{"line":78,"column":4},"end":{"line":89,"column":5}},{"start":{},"end":{}}],"line":78},"6":{"loc":{"start":{"line":81,"column":8},"end":{"line":84,"column":9}},"type":"if","locations":[{"start":{"line":81,"column":8},"end":{"line":84,"column":9}},{"start":{},"end":{}}],"line":81},"7":{"loc":{"start":{"line":92,"column":4},"end":{"line":102,"column":5}},"type":"if","locations":[{"start":{"line":92,"column":4},"end":{"line":102,"column":5}},{"start":{"line":97,"column":11},"end":{"line":102,"column":5}}],"line":92},"8":{"loc":{"start":{"line":97,"column":11},"end":{"line":102,"column":5}},"type":"if","locations":[{"start":{"line":97,"column":11},"end":{"line":102,"column":5}},{"start":{},"end":{}}],"line":97},"9":{"loc":{"start":{"line":108,"column":4},"end":{"line":130,"column":5}},"type":"if","locations":[{"start":{"line":108,"column":4},"end":{"line":130,"column":5}},{"start":{},"end":{}}],"line":108},"10":{"loc":{"start":{"line":111,"column":6},"end":{"line":129,"column":7}},"type":"if","locations":[{"start":{"line":111,"column":6},"end":{"line":129,"column":7}},{"start":{},"end":{}}],"line":111},"11":{"loc":{"start":{"line":111,"column":10},"end":{"line":111,"column":26}},"type":"binary-expr","locations":[{"start":{"line":111,"column":10},"end":{"line":111,"column":14}},{"start":{"line":111,"column":18},"end":{"line":111,"column":26}}],"line":111},"12":{"loc":{"start":{"line":117,"column":8},"end":{"line":119,"column":9}},"type":"if","locations":[{"start":{"line":117,"column":8},"end":{"line":119,"column":9}},{"start":{},"end":{}}],"line":117},"13":{"loc":{"start":{"line":117,"column":12},"end":{"line":117,"column":91}},"type":"binary-expr","locations":[{"start":{"line":117,"column":12},"end":{"line":117,"column":38}},{"start":{"line":117,"column":42},"end":{"line":117,"column":91}}],"line":117},"14":{"loc":{"start":{"line":120,"column":8},"end":{"line":122,"column":9}},"type":"if","locations":[{"start":{"line":120,"column":8},"end":{"line":122,"column":9}},{"start":{},"end":{}}],"line":120},"15":{"loc":{"start":{"line":120,"column":12},"end":{"line":120,"column":91}},"type":"binary-expr","locations":[{"start":{"line":120,"column":12},"end":{"line":120,"column":38}},{"start":{"line":120,"column":42},"end":{"line":120,"column":91}}],"line":120},"16":{"loc":{"start":{"line":123,"column":8},"end":{"line":125,"column":9}},"type":"if","locations":[{"start":{"line":123,"column":8},"end":{"line":125,"column":9}},{"start":{},"end":{}}],"line":123},"17":{"loc":{"start":{"line":123,"column":12},"end":{"line":123,"column":91}},"type":"binary-expr","locations":[{"start":{"line":123,"column":12},"end":{"line":123,"column":38}},{"start":{"line":123,"column":42},"end":{"line":123,"column":91}}],"line":123},"18":{"loc":{"start":{"line":138,"column":11},"end":{"line":138,"column":72}},"type":"binary-expr","locations":[{"start":{"line":138,"column":11},"end":{"line":138,"column":22}},{"start":{"line":138,"column":26},"end":{"line":138,"column":72}}],"line":138},"19":{"loc":{"start":{"line":146,"column":4},"end":{"line":150,"column":9}},"type":"if","locations":[{"start":{"line":146,"column":4},"end":{"line":150,"column":9}},{"start":{},"end":{}}],"line":146},"20":{"loc":{"start":{"line":153,"column":4},"end":{"line":158,"column":5}},"type":"if","locations":[{"start":{"line":153,"column":4},"end":{"line":158,"column":5}},{"start":{},"end":{}}],"line":153},"21":{"loc":{"start":{"line":166,"column":11},"end":{"line":166,"column":72}},"type":"binary-expr","locations":[{"start":{"line":166,"column":11},"end":{"line":166,"column":22}},{"start":{"line":166,"column":26},"end":{"line":166,"column":72}}],"line":166},"22":{"loc":{"start":{"line":182,"column":4},"end":{"line":187,"column":5}},"type":"if","locations":[{"start":{"line":182,"column":4},"end":{"line":187,"column":5}},{"start":{},"end":{}}],"line":182},"23":{"loc":{"start":{"line":188,"column":4},"end":{"line":193,"column":5}},"type":"if","locations":[{"start":{"line":188,"column":4},"end":{"line":193,"column":5}},{"start":{},"end":{}}],"line":188},"24":{"loc":{"start":{"line":201,"column":11},"end":{"line":201,"column":72}},"type":"binary-expr","locations":[{"start":{"line":201,"column":11},"end":{"line":201,"column":22}},{"start":{"line":201,"column":26},"end":{"line":201,"column":72}}],"line":201}},"s":{"0":6,"1":6,"2":6,"3":6,"4":6,"5":6,"6":6,"7":6,"8":0,"9":0,"10":0,"11":0,"12":0,"13":0,"14":0,"15":0,"16":0,"17":0,"18":0,"19":0,"20":6,"21":1,"22":1,"23":0,"24":1,"25":1,"26":0,"27":1,"28":0,"29":0,"30":0,"31":0,"32":0,"33":1,"34":1,"35":0,"36":1,"37":0,"38":1,"39":1,"40":1,"41":1,"42":1,"43":1,"44":1,"45":1,"46":1,"47":1,"48":1,"49":1,"50":0,"51":1,"52":0,"53":1,"54":0,"55":1,"56":1,"57":1,"58":0,"59":6,"60":2,"61":2,"62":1,"63":1,"64":1,"65":0,"66":1,"67":0,"68":6,"69":1,"70":1,"71":1,"72":1,"73":0,"74":1,"75":1,"76":0,"77":0},"f":{"0":0,"1":1,"2":2,"3":1},"b":{"0":[0,0],"1":[0,0],"2":[0,0],"3":[0,1],"4":[0,1],"5":[0,1],"6":[0,0],"7":[0,1],"8":[0,1],"9":[1,0],"10":[1,0],"11":[1,1],"12":[0,1],"13":[1,1],"14":[0,1],"15":[1,1],"16":[0,1],"17":[1,0],"18":[0,0],"19":[1,1],"20":[0,1],"21":[0,0],"22":[0,1],"23":[1,0],"24":[0,0]},"_coverageSchema":"1a1c01bbd47fc00a2c39e90264f33305004495a9","hash":"23ec7887eb323aaeea6d496215871dcdc0eb3376"}
,"C:\\Users\\fabio\\Documents\\TSIW\\2º ano\\2º semestre\\PW2\\Backend_GeoRecycle\\controllers\\utilizadores.controller.js": {"path":"C:\\Users\\fabio\\Documents\\TSIW\\2º ano\\2º semestre\\PW2\\Backend_GeoRecycle\\controllers\\utilizadores.controller.js","statementMap":{"0":{"start":{"line":1,"column":11},"end":{"line":1,"column":31}},"1":{"start":{"line":2,"column":13},"end":{"line":2,"column":21}},"2":{"start":{"line":3,"column":15},"end":{"line":3,"column":24}},"3":{"start":{"line":4,"column":15},"end":{"line":4,"column":34}},"4":{"start":{"line":5,"column":12},"end":{"line":5,"column":35}},"5":{"start":{"line":6,"column":15},"end":{"line":6,"column":48}},"6":{"start":{"line":7,"column":19},"end":{"line":7,"column":43}},"7":{"start":{"line":9,"column":0},"end":{"line":13,"column":3}},"8":{"start":{"line":16,"column":0},"end":{"line":118,"column":2}},"9":{"start":{"line":17,"column":24},"end":{"line":17,"column":27}},"10":{"start":{"line":18,"column":23},"end":{"line":18,"column":26}},"11":{"start":{"line":21,"column":4},"end":{"line":21,"column":68}},"12":{"start":{"line":22,"column":2},"end":{"line":33,"column":3}},"13":{"start":{"line":23,"column":15},"end":{"line":23,"column":17}},"14":{"start":{"line":24,"column":4},"end":{"line":26,"column":5}},"15":{"start":{"line":24,"column":17},"end":{"line":24,"column":18}},"16":{"start":{"line":25,"column":6},"end":{"line":25,"column":79}},"17":{"start":{"line":27,"column":25},"end":{"line":29,"column":13}},"18":{"start":{"line":30,"column":4},"end":{"line":32,"column":5}},"19":{"start":{"line":31,"column":6},"end":{"line":31,"column":26}},"20":{"start":{"line":35,"column":15},"end":{"line":43,"column":4}},"21":{"start":{"line":44,"column":2},"end":{"line":44,"column":35}},"22":{"start":{"line":45,"column":2},"end":{"line":51,"column":3}},"23":{"start":{"line":46,"column":4},"end":{"line":49,"column":7}},"24":{"start":{"line":50,"column":4},"end":{"line":50,"column":11}},"25":{"start":{"line":53,"column":2},"end":{"line":60,"column":3}},"26":{"start":{"line":54,"column":4},"end":{"line":58,"column":7}},"27":{"start":{"line":59,"column":4},"end":{"line":59,"column":11}},"28":{"start":{"line":62,"column":2},"end":{"line":117,"column":3}},"29":{"start":{"line":63,"column":18},"end":{"line":63,"column":35}},"30":{"start":{"line":64,"column":4},"end":{"line":76,"column":5}},"31":{"start":{"line":65,"column":28},"end":{"line":67,"column":15}},"32":{"start":{"line":68,"column":6},"end":{"line":75,"column":7}},"33":{"start":{"line":69,"column":8},"end":{"line":69,"column":46}},"34":{"start":{"line":70,"column":8},"end":{"line":70,"column":45}},"35":{"start":{"line":71,"column":8},"end":{"line":71,"column":35}},"36":{"start":{"line":72,"column":8},"end":{"line":72,"column":40}},"37":{"start":{"line":73,"column":8},"end":{"line":73,"column":39}},"38":{"start":{"line":74,"column":8},"end":{"line":74,"column":29}},"39":{"start":{"line":77,"column":4},"end":{"line":81,"column":7}},"40":{"start":{"line":83,"column":4},"end":{"line":116,"column":5}},"41":{"start":{"line":84,"column":19},"end":{"line":84,"column":21}},"42":{"start":{"line":85,"column":6},"end":{"line":87,"column":9}},"43":{"start":{"line":86,"column":8},"end":{"line":86,"column":46}},"44":{"start":{"line":89,"column":6},"end":{"line":91,"column":7}},"45":{"start":{"line":90,"column":8},"end":{"line":90,"column":57}},"46":{"start":{"line":93,"column":6},"end":{"line":95,"column":7}},"47":{"start":{"line":94,"column":8},"end":{"line":94,"column":57}},"48":{"start":{"line":98,"column":6},"end":{"line":100,"column":7}},"49":{"start":{"line":99,"column":8},"end":{"line":99,"column":45}},"50":{"start":{"line":101,"column":27},"end":{"line":103,"column":15}},"51":{"start":{"line":104,"column":6},"end":{"line":106,"column":7}},"52":{"start":{"line":105,"column":8},"end":{"line":105,"column":54}},"53":{"start":{"line":107,"column":6},"end":{"line":110,"column":9}},"54":{"start":{"line":112,"column":6},"end":{"line":115,"column":9}},"55":{"start":{"line":121,"column":0},"end":{"line":181,"column":2}},"56":{"start":{"line":122,"column":2},"end":{"line":180,"column":3}},"57":{"start":{"line":123,"column":4},"end":{"line":127,"column":9}},"58":{"start":{"line":124,"column":6},"end":{"line":127,"column":9}},"59":{"start":{"line":129,"column":15},"end":{"line":131,"column":13}},"60":{"start":{"line":132,"column":4},"end":{"line":136,"column":9}},"61":{"start":{"line":133,"column":6},"end":{"line":136,"column":9}},"62":{"start":{"line":138,"column":28},"end":{"line":141,"column":5}},"63":{"start":{"line":142,"column":4},"end":{"line":147,"column":9}},"64":{"start":{"line":143,"column":6},"end":{"line":147,"column":9}},"65":{"start":{"line":149,"column":18},"end":{"line":158,"column":5}},"66":{"start":{"line":159,"column":4},"end":{"line":163,"column":7}},"67":{"start":{"line":165,"column":4},"end":{"line":179,"column":5}},"68":{"start":{"line":166,"column":19},"end":{"line":166,"column":21}},"69":{"start":{"line":167,"column":6},"end":{"line":169,"column":9}},"70":{"start":{"line":168,"column":8},"end":{"line":168,"column":46}},"71":{"start":{"line":170,"column":6},"end":{"line":173,"column":9}},"72":{"start":{"line":175,"column":6},"end":{"line":178,"column":9}},"73":{"start":{"line":184,"column":0},"end":{"line":202,"column":2}},"74":{"start":{"line":185,"column":2},"end":{"line":201,"column":3}},"75":{"start":{"line":186,"column":4},"end":{"line":190,"column":9}},"76":{"start":{"line":187,"column":6},"end":{"line":190,"column":9}},"77":{"start":{"line":191,"column":16},"end":{"line":191,"column":48}},"78":{"start":{"line":192,"column":4},"end":{"line":195,"column":7}},"79":{"start":{"line":197,"column":4},"end":{"line":200,"column":7}},"80":{"start":{"line":205,"column":0},"end":{"line":247,"column":2}},"81":{"start":{"line":206,"column":17},"end":{"line":206,"column":30}},"82":{"start":{"line":207,"column":51},"end":{"line":207,"column":59}},"83":{"start":{"line":210,"column":2},"end":{"line":212,"column":3}},"84":{"start":{"line":211,"column":4},"end":{"line":211,"column":63}},"85":{"start":{"line":214,"column":2},"end":{"line":246,"column":3}},"86":{"start":{"line":215,"column":17},"end":{"line":215,"column":44}},"87":{"start":{"line":216,"column":4},"end":{"line":218,"column":5}},"88":{"start":{"line":217,"column":6},"end":{"line":217,"column":77}},"89":{"start":{"line":221,"column":4},"end":{"line":237,"column":5}},"90":{"start":{"line":222,"column":6},"end":{"line":232,"column":7}},"91":{"start":{"line":223,"column":8},"end":{"line":229,"column":9}},"92":{"start":{"line":224,"column":10},"end":{"line":226,"column":79}},"93":{"start":{"line":228,"column":10},"end":{"line":228,"column":56}},"94":{"start":{"line":231,"column":8},"end":{"line":231,"column":80}},"95":{"start":{"line":233,"column":11},"end":{"line":237,"column":5}},"96":{"start":{"line":234,"column":6},"end":{"line":234,"column":71}},"97":{"start":{"line":235,"column":11},"end":{"line":237,"column":5}},"98":{"start":{"line":236,"column":6},"end":{"line":236,"column":70}},"99":{"start":{"line":239,"column":4},"end":{"line":241,"column":5}},"100":{"start":{"line":240,"column":6},"end":{"line":240,"column":33}},"101":{"start":{"line":242,"column":4},"end":{"line":242,"column":22}},"102":{"start":{"line":243,"column":4},"end":{"line":243,"column":76}},"103":{"start":{"line":245,"column":4},"end":{"line":245,"column":51}},"104":{"start":{"line":250,"column":0},"end":{"line":284,"column":1}},"105":{"start":{"line":251,"column":17},"end":{"line":251,"column":30}},"106":{"start":{"line":254,"column":2},"end":{"line":256,"column":3}},"107":{"start":{"line":255,"column":4},"end":{"line":255,"column":63}},"108":{"start":{"line":258,"column":2},"end":{"line":282,"column":3}},"109":{"start":{"line":259,"column":17},"end":{"line":259,"column":44}},"110":{"start":{"line":260,"column":4},"end":{"line":262,"column":5}},"111":{"start":{"line":261,"column":6},"end":{"line":261,"column":77}},"112":{"start":{"line":265,"column":21},"end":{"line":265,"column":25}},"113":{"start":{"line":266,"column":4},"end":{"line":274,"column":5}},"114":{"start":{"line":267,"column":6},"end":{"line":270,"column":9}},"115":{"start":{"line":271,"column":6},"end":{"line":271,"column":40}},"116":{"start":{"line":273,"column":6},"end":{"line":273,"column":68}},"117":{"start":{"line":275,"column":4},"end":{"line":275,"column":22}},"118":{"start":{"line":276,"column":4},"end":{"line":276,"column":80}},"119":{"start":{"line":280,"column":4},"end":{"line":280,"column":51}},"120":{"start":{"line":287,"column":0},"end":{"line":314,"column":2}},"121":{"start":{"line":288,"column":2},"end":{"line":313,"column":3}},"122":{"start":{"line":289,"column":4},"end":{"line":293,"column":9}},"123":{"start":{"line":290,"column":6},"end":{"line":293,"column":9}},"124":{"start":{"line":294,"column":15},"end":{"line":294,"column":62}},"125":{"start":{"line":295,"column":4},"end":{"line":299,"column":9}},"126":{"start":{"line":296,"column":6},"end":{"line":299,"column":9}},"127":{"start":{"line":301,"column":19},"end":{"line":301,"column":49}},"128":{"start":{"line":302,"column":4},"end":{"line":302,"column":26}},"129":{"start":{"line":303,"column":4},"end":{"line":303,"column":22}},"130":{"start":{"line":304,"column":4},"end":{"line":307,"column":7}},"131":{"start":{"line":309,"column":4},"end":{"line":312,"column":7}},"132":{"start":{"line":317,"column":0},"end":{"line":340,"column":2}},"133":{"start":{"line":318,"column":2},"end":{"line":339,"column":3}},"134":{"start":{"line":319,"column":4},"end":{"line":323,"column":9}},"135":{"start":{"line":320,"column":6},"end":{"line":323,"column":9}},"136":{"start":{"line":324,"column":15},"end":{"line":324,"column":58}},"137":{"start":{"line":325,"column":4},"end":{"line":329,"column":9}},"138":{"start":{"line":326,"column":6},"end":{"line":329,"column":9}},"139":{"start":{"line":330,"column":4},"end":{"line":333,"column":7}},"140":{"start":{"line":335,"column":4},"end":{"line":338,"column":7}},"141":{"start":{"line":343,"column":0},"end":{"line":370,"column":2}},"142":{"start":{"line":344,"column":2},"end":{"line":369,"column":3}},"143":{"start":{"line":345,"column":15},"end":{"line":345,"column":49}},"144":{"start":{"line":346,"column":4},"end":{"line":350,"column":9}},"145":{"start":{"line":347,"column":6},"end":{"line":350,"column":9}},"146":{"start":{"line":351,"column":19},"end":{"line":351,"column":30}},"147":{"start":{"line":352,"column":4},"end":{"line":356,"column":9}},"148":{"start":{"line":353,"column":6},"end":{"line":356,"column":9}},"149":{"start":{"line":357,"column":17},"end":{"line":357,"column":62}},"150":{"start":{"line":358,"column":22},"end":{"line":358,"column":55}},"151":{"start":{"line":358,"column":44},"end":{"line":358,"column":54}},"152":{"start":{"line":359,"column":4},"end":{"line":363,"column":7}},"153":{"start":{"line":365,"column":4},"end":{"line":368,"column":7}}},"fnMap":{"0":{"name":"(anonymous_0)","decl":{"start":{"line":16,"column":17},"end":{"line":16,"column":18}},"loc":{"start":{"line":16,"column":37},"end":{"line":118,"column":1}},"line":16},"1":{"name":"(anonymous_1)","decl":{"start":{"line":85,"column":38},"end":{"line":85,"column":39}},"loc":{"start":{"line":85,"column":47},"end":{"line":87,"column":7}},"line":85},"2":{"name":"(anonymous_2)","decl":{"start":{"line":121,"column":16},"end":{"line":121,"column":17}},"loc":{"start":{"line":121,"column":36},"end":{"line":181,"column":1}},"line":121},"3":{"name":"(anonymous_3)","decl":{"start":{"line":167,"column":38},"end":{"line":167,"column":39}},"loc":{"start":{"line":167,"column":47},"end":{"line":169,"column":7}},"line":167},"4":{"name":"(anonymous_4)","decl":{"start":{"line":184,"column":22},"end":{"line":184,"column":23}},"loc":{"start":{"line":184,"column":42},"end":{"line":202,"column":1}},"line":184},"5":{"name":"(anonymous_5)","decl":{"start":{"line":205,"column":25},"end":{"line":205,"column":26}},"loc":{"start":{"line":205,"column":45},"end":{"line":247,"column":1}},"line":205},"6":{"name":"(anonymous_6)","decl":{"start":{"line":250,"column":30},"end":{"line":250,"column":31}},"loc":{"start":{"line":250,"column":50},"end":{"line":284,"column":1}},"line":250},"7":{"name":"(anonymous_7)","decl":{"start":{"line":287,"column":18},"end":{"line":287,"column":19}},"loc":{"start":{"line":287,"column":38},"end":{"line":314,"column":1}},"line":287},"8":{"name":"(anonymous_8)","decl":{"start":{"line":317,"column":21},"end":{"line":317,"column":22}},"loc":{"start":{"line":317,"column":41},"end":{"line":340,"column":1}},"line":317},"9":{"name":"(anonymous_9)","decl":{"start":{"line":343,"column":24},"end":{"line":343,"column":25}},"loc":{"start":{"line":343,"column":44},"end":{"line":370,"column":1}},"line":343},"10":{"name":"(anonymous_10)","decl":{"start":{"line":358,"column":33},"end":{"line":358,"column":34}},"loc":{"start":{"line":358,"column":44},"end":{"line":358,"column":54}},"line":358}},"branchMap":{"0":{"loc":{"start":{"line":30,"column":4},"end":{"line":32,"column":5}},"type":"if","locations":[{"start":{"line":30,"column":4},"end":{"line":32,"column":5}},{"start":{},"end":{}}],"line":30},"1":{"loc":{"start":{"line":45,"column":2},"end":{"line":51,"column":3}},"type":"if","locations":[{"start":{"line":45,"column":2},"end":{"line":51,"column":3}},{"start":{},"end":{}}],"line":45},"2":{"loc":{"start":{"line":53,"column":2},"end":{"line":60,"column":3}},"type":"if","locations":[{"start":{"line":53,"column":2},"end":{"line":60,"column":3}},{"start":{},"end":{}}],"line":53},"3":{"loc":{"start":{"line":64,"column":4},"end":{"line":76,"column":5}},"type":"if","locations":[{"start":{"line":64,"column":4},"end":{"line":76,"column":5}},{"start":{},"end":{}}],"line":64},"4":{"loc":{"start":{"line":68,"column":6},"end":{"line":75,"column":7}},"type":"if","locations":[{"start":{"line":68,"column":6},"end":{"line":75,"column":7}},{"start":{},"end":{}}],"line":68},"5":{"loc":{"start":{"line":83,"column":4},"end":{"line":116,"column":5}},"type":"if","locations":[{"start":{"line":83,"column":4},"end":{"line":116,"column":5}},{"start":{"line":111,"column":11},"end":{"line":116,"column":5}}],"line":83},"6":{"loc":{"start":{"line":89,"column":6},"end":{"line":91,"column":7}},"type":"if","locations":[{"start":{"line":89,"column":6},"end":{"line":91,"column":7}},{"start":{},"end":{}}],"line":89},"7":{"loc":{"start":{"line":93,"column":6},"end":{"line":95,"column":7}},"type":"if","locations":[{"start":{"line":93,"column":6},"end":{"line":95,"column":7}},{"start":{},"end":{}}],"line":93},"8":{"loc":{"start":{"line":98,"column":6},"end":{"line":100,"column":7}},"type":"if","locations":[{"start":{"line":98,"column":6},"end":{"line":100,"column":7}},{"start":{},"end":{}}],"line":98},"9":{"loc":{"start":{"line":104,"column":6},"end":{"line":106,"column":7}},"type":"if","locations":[{"start":{"line":104,"column":6},"end":{"line":106,"column":7}},{"start":{},"end":{}}],"line":104},"10":{"loc":{"start":{"line":114,"column":17},"end":{"line":114,"column":78}},"type":"binary-expr","locations":[{"start":{"line":114,"column":17},"end":{"line":114,"column":28}},{"start":{"line":114,"column":32},"end":{"line":114,"column":78}}],"line":114},"11":{"loc":{"start":{"line":123,"column":4},"end":{"line":127,"column":9}},"type":"if","locations":[{"start":{"line":123,"column":4},"end":{"line":127,"column":9}},{"start":{},"end":{}}],"line":123},"12":{"loc":{"start":{"line":123,"column":8},"end":{"line":123,"column":57}},"type":"binary-expr","locations":[{"start":{"line":123,"column":8},"end":{"line":123,"column":17}},{"start":{"line":123,"column":21},"end":{"line":123,"column":35}},{"start":{"line":123,"column":39},"end":{"line":123,"column":57}}],"line":123},"13":{"loc":{"start":{"line":132,"column":4},"end":{"line":136,"column":9}},"type":"if","locations":[{"start":{"line":132,"column":4},"end":{"line":136,"column":9}},{"start":{},"end":{}}],"line":132},"14":{"loc":{"start":{"line":142,"column":4},"end":{"line":147,"column":9}},"type":"if","locations":[{"start":{"line":142,"column":4},"end":{"line":147,"column":9}},{"start":{},"end":{}}],"line":142},"15":{"loc":{"start":{"line":165,"column":4},"end":{"line":179,"column":5}},"type":"if","locations":[{"start":{"line":165,"column":4},"end":{"line":179,"column":5}},{"start":{"line":174,"column":11},"end":{"line":179,"column":5}}],"line":165},"16":{"loc":{"start":{"line":177,"column":17},"end":{"line":177,"column":78}},"type":"binary-expr","locations":[{"start":{"line":177,"column":17},"end":{"line":177,"column":28}},{"start":{"line":177,"column":32},"end":{"line":177,"column":78}}],"line":177},"17":{"loc":{"start":{"line":186,"column":4},"end":{"line":190,"column":9}},"type":"if","locations":[{"start":{"line":186,"column":4},"end":{"line":190,"column":9}},{"start":{},"end":{}}],"line":186},"18":{"loc":{"start":{"line":199,"column":11},"end":{"line":199,"column":72}},"type":"binary-expr","locations":[{"start":{"line":199,"column":11},"end":{"line":199,"column":22}},{"start":{"line":199,"column":26},"end":{"line":199,"column":72}}],"line":199},"19":{"loc":{"start":{"line":210,"column":2},"end":{"line":212,"column":3}},"type":"if","locations":[{"start":{"line":210,"column":2},"end":{"line":212,"column":3}},{"start":{},"end":{}}],"line":210},"20":{"loc":{"start":{"line":216,"column":4},"end":{"line":218,"column":5}},"type":"if","locations":[{"start":{"line":216,"column":4},"end":{"line":218,"column":5}},{"start":{},"end":{}}],"line":216},"21":{"loc":{"start":{"line":221,"column":4},"end":{"line":237,"column":5}},"type":"if","locations":[{"start":{"line":221,"column":4},"end":{"line":237,"column":5}},{"start":{"line":233,"column":11},"end":{"line":237,"column":5}}],"line":221},"22":{"loc":{"start":{"line":221,"column":8},"end":{"line":221,"column":35}},"type":"binary-expr","locations":[{"start":{"line":221,"column":8},"end":{"line":221,"column":16}},{"start":{"line":221,"column":20},"end":{"line":221,"column":35}}],"line":221},"23":{"loc":{"start":{"line":222,"column":6},"end":{"line":232,"column":7}},"type":"if","locations":[{"start":{"line":222,"column":6},"end":{"line":232,"column":7}},{"start":{"line":230,"column":13},"end":{"line":232,"column":7}}],"line":222},"24":{"loc":{"start":{"line":223,"column":8},"end":{"line":229,"column":9}},"type":"if","locations":[{"start":{"line":223,"column":8},"end":{"line":229,"column":9}},{"start":{"line":227,"column":15},"end":{"line":229,"column":9}}],"line":223},"25":{"loc":{"start":{"line":233,"column":11},"end":{"line":237,"column":5}},"type":"if","locations":[{"start":{"line":233,"column":11},"end":{"line":237,"column":5}},{"start":{"line":235,"column":11},"end":{"line":237,"column":5}}],"line":233},"26":{"loc":{"start":{"line":233,"column":15},"end":{"line":233,"column":43}},"type":"binary-expr","locations":[{"start":{"line":233,"column":15},"end":{"line":233,"column":23}},{"start":{"line":233,"column":27},"end":{"line":233,"column":43}}],"line":233},"27":{"loc":{"start":{"line":235,"column":11},"end":{"line":237,"column":5}},"type":"if","locations":[{"start":{"line":235,"column":11},"end":{"line":237,"column":5}},{"start":{},"end":{}}],"line":235},"28":{"loc":{"start":{"line":235,"column":15},"end":{"line":235,"column":43}},"type":"binary-expr","locations":[{"start":{"line":235,"column":15},"end":{"line":235,"column":24}},{"start":{"line":235,"column":28},"end":{"line":235,"column":43}}],"line":235},"29":{"loc":{"start":{"line":239,"column":4},"end":{"line":241,"column":5}},"type":"if","locations":[{"start":{"line":239,"column":4},"end":{"line":241,"column":5}},{"start":{},"end":{}}],"line":239},"30":{"loc":{"start":{"line":254,"column":2},"end":{"line":256,"column":3}},"type":"if","locations":[{"start":{"line":254,"column":2},"end":{"line":256,"column":3}},{"start":{},"end":{}}],"line":254},"31":{"loc":{"start":{"line":260,"column":4},"end":{"line":262,"column":5}},"type":"if","locations":[{"start":{"line":260,"column":4},"end":{"line":262,"column":5}},{"start":{},"end":{}}],"line":260},"32":{"loc":{"start":{"line":266,"column":4},"end":{"line":274,"column":5}},"type":"if","locations":[{"start":{"line":266,"column":4},"end":{"line":274,"column":5}},{"start":{"line":272,"column":10},"end":{"line":274,"column":5}}],"line":266},"33":{"loc":{"start":{"line":289,"column":4},"end":{"line":293,"column":9}},"type":"if","locations":[{"start":{"line":289,"column":4},"end":{"line":293,"column":9}},{"start":{},"end":{}}],"line":289},"34":{"loc":{"start":{"line":289,"column":8},"end":{"line":289,"column":64}},"type":"binary-expr","locations":[{"start":{"line":289,"column":8},"end":{"line":289,"column":42}},{"start":{"line":289,"column":46},"end":{"line":289,"column":64}}],"line":289},"35":{"loc":{"start":{"line":295,"column":4},"end":{"line":299,"column":9}},"type":"if","locations":[{"start":{"line":295,"column":4},"end":{"line":299,"column":9}},{"start":{},"end":{}}],"line":295},"36":{"loc":{"start":{"line":311,"column":11},"end":{"line":311,"column":72}},"type":"binary-expr","locations":[{"start":{"line":311,"column":11},"end":{"line":311,"column":22}},{"start":{"line":311,"column":26},"end":{"line":311,"column":72}}],"line":311},"37":{"loc":{"start":{"line":319,"column":4},"end":{"line":323,"column":9}},"type":"if","locations":[{"start":{"line":319,"column":4},"end":{"line":323,"column":9}},{"start":{},"end":{}}],"line":319},"38":{"loc":{"start":{"line":325,"column":4},"end":{"line":329,"column":9}},"type":"if","locations":[{"start":{"line":325,"column":4},"end":{"line":329,"column":9}},{"start":{},"end":{}}],"line":325},"39":{"loc":{"start":{"line":337,"column":11},"end":{"line":337,"column":72}},"type":"binary-expr","locations":[{"start":{"line":337,"column":11},"end":{"line":337,"column":22}},{"start":{"line":337,"column":26},"end":{"line":337,"column":72}}],"line":337},"40":{"loc":{"start":{"line":346,"column":4},"end":{"line":350,"column":9}},"type":"if","locations":[{"start":{"line":346,"column":4},"end":{"line":350,"column":9}},{"start":{},"end":{}}],"line":346},"41":{"loc":{"start":{"line":346,"column":8},"end":{"line":346,"column":64}},"type":"binary-expr","locations":[{"start":{"line":346,"column":8},"end":{"line":346,"column":42}},{"start":{"line":346,"column":46},"end":{"line":346,"column":64}}],"line":346},"42":{"loc":{"start":{"line":352,"column":4},"end":{"line":356,"column":9}},"type":"if","locations":[{"start":{"line":352,"column":4},"end":{"line":356,"column":9}},{"start":{},"end":{}}],"line":352},"43":{"loc":{"start":{"line":352,"column":8},"end":{"line":352,"column":42}},"type":"binary-expr","locations":[{"start":{"line":352,"column":8},"end":{"line":352,"column":17}},{"start":{"line":352,"column":21},"end":{"line":352,"column":42}}],"line":352},"44":{"loc":{"start":{"line":367,"column":11},"end":{"line":367,"column":72}},"type":"binary-expr","locations":[{"start":{"line":367,"column":11},"end":{"line":367,"column":22}},{"start":{"line":367,"column":26},"end":{"line":367,"column":72}}],"line":367}},"s":{"0":6,"1":6,"2":6,"3":6,"4":6,"5":6,"6":6,"7":6,"8":6,"9":19,"10":19,"11":19,"12":19,"13":19,"14":19,"15":19,"16":114,"17":19,"18":19,"19":19,"20":19,"21":19,"22":19,"23":1,"24":1,"25":18,"26":3,"27":3,"28":15,"29":15,"30":6,"31":0,"32":0,"33":0,"34":0,"35":0,"36":0,"37":0,"38":0,"39":6,"40":9,"41":0,"42":0,"43":0,"44":0,"45":0,"46":0,"47":0,"48":0,"49":0,"50":0,"51":0,"52":0,"53":0,"54":9,"55":6,"56":15,"57":15,"58":1,"59":14,"60":14,"61":1,"62":13,"63":13,"64":1,"65":12,"66":12,"67":0,"68":0,"69":0,"70":0,"71":0,"72":0,"73":6,"74":2,"75":2,"76":1,"77":1,"78":1,"79":0,"80":6,"81":2,"82":2,"83":2,"84":0,"85":2,"86":2,"87":2,"88":0,"89":2,"90":2,"91":2,"92":1,"93":1,"94":0,"95":0,"96":0,"97":0,"98":0,"99":1,"100":1,"101":1,"102":1,"103":0,"104":6,"105":0,"106":0,"107":0,"108":0,"109":0,"110":0,"111":0,"112":0,"113":0,"114":0,"115":0,"116":0,"117":0,"118":0,"119":0,"120":6,"121":0,"122":0,"123":0,"124":0,"125":0,"126":0,"127":0,"128":0,"129":0,"130":0,"131":0,"132":6,"133":8,"134":8,"135":1,"136":7,"137":7,"138":1,"139":6,"140":0,"141":6,"142":0,"143":0,"144":0,"145":0,"146":0,"147":0,"148":0,"149":0,"150":0,"151":0,"152":0,"153":0},"f":{"0":19,"1":0,"2":15,"3":0,"4":2,"5":2,"6":0,"7":0,"8":8,"9":0,"10":0},"b":{"0":[19,0],"1":[1,18],"2":[3,15],"3":[0,6],"4":[0,0],"5":[0,9],"6":[0,0],"7":[0,0],"8":[0,0],"9":[0,0],"10":[9,0],"11":[1,14],"12":[15,15,14],"13":[1,13],"14":[1,12],"15":[0,0],"16":[0,0],"17":[1,1],"18":[0,0],"19":[0,2],"20":[0,2],"21":[2,0],"22":[2,2],"23":[2,0],"24":[1,1],"25":[0,0],"26":[0,0],"27":[0,0],"28":[0,0],"29":[1,0],"30":[0,0],"31":[0,0],"32":[0,0],"33":[0,0],"34":[0,0],"35":[0,0],"36":[0,0],"37":[1,7],"38":[1,6],"39":[0,0],"40":[0,0],"41":[0,0],"42":[0,0],"43":[0,0],"44":[0,0]},"_coverageSchema":"1a1c01bbd47fc00a2c39e90264f33305004495a9","hash":"7dd799df49a1809a6ac018e78e80ed5b5dd53a30"}
,"C:\\Users\\fabio\\Documents\\TSIW\\2º ano\\2º semestre\\PW2\\Backend_GeoRecycle\\models\\badges.model.js": {"path":"C:\\Users\\fabio\\Documents\\TSIW\\2º ano\\2º semestre\\PW2\\Backend_GeoRecycle\\models\\badges.model.js","statementMap":{"0":{"start":{"line":1,"column":0},"end":{"line":11,"column":4}},"1":{"start":{"line":2,"column":19},"end":{"line":8,"column":5}},"2":{"start":{"line":9,"column":19},"end":{"line":9,"column":50}},"3":{"start":{"line":10,"column":4},"end":{"line":10,"column":18}}},"fnMap":{"0":{"name":"(anonymous_0)","decl":{"start":{"line":1,"column":17},"end":{"line":1,"column":18}},"loc":{"start":{"line":1,"column":31},"end":{"line":11,"column":3}},"line":1}},"branchMap":{},"s":{"0":6,"1":6,"2":6,"3":6},"f":{"0":6},"b":{},"_coverageSchema":"1a1c01bbd47fc00a2c39e90264f33305004495a9","hash":"b78099076dc78584460e146cfd6f737bdb0fc69a"}
,"C:\\Users\\fabio\\Documents\\TSIW\\2º ano\\2º semestre\\PW2\\Backend_GeoRecycle\\models\\ecopontos.model.js": {"path":"C:\\Users\\fabio\\Documents\\TSIW\\2º ano\\2º semestre\\PW2\\Backend_GeoRecycle\\models\\ecopontos.model.js","statementMap":{"0":{"start":{"line":1,"column":0},"end":{"line":21,"column":2}},"1":{"start":{"line":2,"column":19},"end":{"line":18,"column":5}},"2":{"start":{"line":19,"column":21},"end":{"line":19,"column":55}},"3":{"start":{"line":20,"column":4},"end":{"line":20,"column":20}}},"fnMap":{"0":{"name":"(anonymous_0)","decl":{"start":{"line":1,"column":17},"end":{"line":1,"column":18}},"loc":{"start":{"line":1,"column":31},"end":{"line":21,"column":1}},"line":1}},"branchMap":{},"s":{"0":6,"1":6,"2":6,"3":6},"f":{"0":6},"b":{},"_coverageSchema":"1a1c01bbd47fc00a2c39e90264f33305004495a9","hash":"f75fd20db850360e3ecf0900ee9d30c3d6f6c385"}
,"C:\\Users\\fabio\\Documents\\TSIW\\2º ano\\2º semestre\\PW2\\Backend_GeoRecycle\\models\\index.js": {"path":"C:\\Users\\fabio\\Documents\\TSIW\\2º ano\\2º semestre\\PW2\\Backend_GeoRecycle\\models\\index.js","statementMap":{"0":{"start":{"line":1,"column":17},"end":{"line":1,"column":50}},"1":{"start":{"line":2,"column":17},"end":{"line":2,"column":36}},"2":{"start":{"line":3,"column":11},"end":{"line":3,"column":13}},"3":{"start":{"line":4,"column":0},"end":{"line":4,"column":23}},"4":{"start":{"line":5,"column":0},"end":{"line":5,"column":22}},"5":{"start":{"line":6,"column":0},"end":{"line":14,"column":5}},"6":{"start":{"line":9,"column":4},"end":{"line":9,"column":46}},"7":{"start":{"line":12,"column":4},"end":{"line":12,"column":56}},"8":{"start":{"line":13,"column":4},"end":{"line":13,"column":19}},"9":{"start":{"line":15,"column":0},"end":{"line":15,"column":56}},"10":{"start":{"line":16,"column":0},"end":{"line":16,"column":57}},"11":{"start":{"line":17,"column":0},"end":{"line":17,"column":60}},"12":{"start":{"line":18,"column":0},"end":{"line":18,"column":49}},"13":{"start":{"line":19,"column":0},"end":{"line":19,"column":51}},"14":{"start":{"line":20,"column":0},"end":{"line":20,"column":20}}},"fnMap":{"0":{"name":"(anonymous_0)","decl":{"start":{"line":8,"column":8},"end":{"line":8,"column":9}},"loc":{"start":{"line":8,"column":14},"end":{"line":10,"column":3}},"line":8},"1":{"name":"(anonymous_1)","decl":{"start":{"line":11,"column":9},"end":{"line":11,"column":10}},"loc":{"start":{"line":11,"column":18},"end":{"line":14,"column":3}},"line":11}},"branchMap":{},"s":{"0":6,"1":6,"2":6,"3":6,"4":6,"5":6,"6":6,"7":0,"8":0,"9":6,"10":6,"11":6,"12":6,"13":6,"14":6},"f":{"0":6,"1":0},"b":{},"_coverageSchema":"1a1c01bbd47fc00a2c39e90264f33305004495a9","hash":"440a83baaba6851a193ba41733c10ca138324665"}
,"C:\\Users\\fabio\\Documents\\TSIW\\2º ano\\2º semestre\\PW2\\Backend_GeoRecycle\\models\\items.model.js": {"path":"C:\\Users\\fabio\\Documents\\TSIW\\2º ano\\2º semestre\\PW2\\Backend_GeoRecycle\\models\\items.model.js","statementMap":{"0":{"start":{"line":1,"column":0},"end":{"line":13,"column":2}},"1":{"start":{"line":2,"column":17},"end":{"line":10,"column":3}},"2":{"start":{"line":11,"column":15},"end":{"line":11,"column":45}},"3":{"start":{"line":12,"column":2},"end":{"line":12,"column":14}}},"fnMap":{"0":{"name":"(anonymous_0)","decl":{"start":{"line":1,"column":17},"end":{"line":1,"column":18}},"loc":{"start":{"line":1,"column":31},"end":{"line":13,"column":1}},"line":1}},"branchMap":{},"s":{"0":6,"1":6,"2":6,"3":6},"f":{"0":6},"b":{},"_coverageSchema":"1a1c01bbd47fc00a2c39e90264f33305004495a9","hash":"e307f216bcc515468ecf3896cc67a347634e67a5"}
,"C:\\Users\\fabio\\Documents\\TSIW\\2º ano\\2º semestre\\PW2\\Backend_GeoRecycle\\models\\utilizacao.model.js": {"path":"C:\\Users\\fabio\\Documents\\TSIW\\2º ano\\2º semestre\\PW2\\Backend_GeoRecycle\\models\\utilizacao.model.js","statementMap":{"0":{"start":{"line":1,"column":0},"end":{"line":15,"column":4}},"1":{"start":{"line":2,"column":19},"end":{"line":12,"column":5}},"2":{"start":{"line":13,"column":23},"end":{"line":13,"column":59}},"3":{"start":{"line":14,"column":4},"end":{"line":14,"column":22}}},"fnMap":{"0":{"name":"(anonymous_0)","decl":{"start":{"line":1,"column":17},"end":{"line":1,"column":18}},"loc":{"start":{"line":1,"column":31},"end":{"line":15,"column":3}},"line":1}},"branchMap":{},"s":{"0":6,"1":6,"2":6,"3":6},"f":{"0":6},"b":{},"_coverageSchema":"1a1c01bbd47fc00a2c39e90264f33305004495a9","hash":"3f56af8acd690d417db2cb6210150b43f8121482"}
,"C:\\Users\\fabio\\Documents\\TSIW\\2º ano\\2º semestre\\PW2\\Backend_GeoRecycle\\models\\utilizadores.model.js": {"path":"C:\\Users\\fabio\\Documents\\TSIW\\2º ano\\2º semestre\\PW2\\Backend_GeoRecycle\\models\\utilizadores.model.js","statementMap":{"0":{"start":{"line":1,"column":0},"end":{"line":28,"column":2}},"1":{"start":{"line":2,"column":17},"end":{"line":25,"column":3}},"2":{"start":{"line":26,"column":15},"end":{"line":26,"column":45}},"3":{"start":{"line":27,"column":2},"end":{"line":27,"column":14}}},"fnMap":{"0":{"name":"(anonymous_0)","decl":{"start":{"line":1,"column":17},"end":{"line":1,"column":18}},"loc":{"start":{"line":1,"column":31},"end":{"line":28,"column":1}},"line":1}},"branchMap":{},"s":{"0":6,"1":6,"2":6,"3":6},"f":{"0":6},"b":{},"_coverageSchema":"1a1c01bbd47fc00a2c39e90264f33305004495a9","hash":"f3875f4528dbef0945613bcfc1d9191ee0522f62"}
,"C:\\Users\\fabio\\Documents\\TSIW\\2º ano\\2º semestre\\PW2\\Backend_GeoRecycle\\routes\\badges.routes.js": {"path":"C:\\Users\\fabio\\Documents\\TSIW\\2º ano\\2º semestre\\PW2\\Backend_GeoRecycle\\routes\\badges.routes.js","statementMap":{"0":{"start":{"line":1,"column":16},"end":{"line":1,"column":34}},"1":{"start":{"line":2,"column":13},"end":{"line":2,"column":29}},"2":{"start":{"line":3,"column":25},"end":{"line":3,"column":71}},"3":{"start":{"line":4,"column":23},"end":{"line":4,"column":67}},"4":{"start":{"line":7,"column":0},"end":{"line":17,"column":3}},"5":{"start":{"line":8,"column":18},"end":{"line":8,"column":28}},"6":{"start":{"line":9,"column":4},"end":{"line":15,"column":7}},"7":{"start":{"line":11,"column":28},"end":{"line":11,"column":55}},"8":{"start":{"line":12,"column":8},"end":{"line":14,"column":10}},"9":{"start":{"line":16,"column":4},"end":{"line":16,"column":11}},"10":{"start":{"line":19,"column":0},"end":{"line":21,"column":67}},"11":{"start":{"line":23,"column":0},"end":{"line":26,"column":70}},"12":{"start":{"line":28,"column":0},"end":{"line":32,"column":3}},"13":{"start":{"line":29,"column":4},"end":{"line":31,"column":7}},"14":{"start":{"line":34,"column":0},"end":{"line":34,"column":24}}},"fnMap":{"0":{"name":"(anonymous_0)","decl":{"start":{"line":7,"column":11},"end":{"line":7,"column":12}},"loc":{"start":{"line":7,"column":31},"end":{"line":17,"column":1}},"line":7},"1":{"name":"(anonymous_1)","decl":{"start":{"line":9,"column":21},"end":{"line":9,"column":22}},"loc":{"start":{"line":9,"column":27},"end":{"line":15,"column":5}},"line":9},"2":{"name":"(anonymous_2)","decl":{"start":{"line":28,"column":16},"end":{"line":28,"column":17}},"loc":{"start":{"line":28,"column":36},"end":{"line":32,"column":1}},"line":28}},"branchMap":{},"s":{"0":6,"1":6,"2":6,"3":6,"4":6,"5":2,"6":2,"7":2,"8":2,"9":2,"10":6,"11":6,"12":6,"13":0,"14":6},"f":{"0":2,"1":2,"2":0},"b":{},"_coverageSchema":"1a1c01bbd47fc00a2c39e90264f33305004495a9","hash":"f19051512d98e410f6c90ca28d03380b14e09268"}
,"C:\\Users\\fabio\\Documents\\TSIW\\2º ano\\2º semestre\\PW2\\Backend_GeoRecycle\\routes\\ecopontos.routes.js": {"path":"C:\\Users\\fabio\\Documents\\TSIW\\2º ano\\2º semestre\\PW2\\Backend_GeoRecycle\\routes\\ecopontos.routes.js","statementMap":{"0":{"start":{"line":1,"column":16},"end":{"line":1,"column":34}},"1":{"start":{"line":3,"column":28},"end":{"line":3,"column":74}},"2":{"start":{"line":4,"column":23},"end":{"line":4,"column":64}},"3":{"start":{"line":6,"column":15},"end":{"line":6,"column":32}},"4":{"start":{"line":7,"column":14},"end":{"line":14,"column":2}},"5":{"start":{"line":9,"column":4},"end":{"line":9,"column":21}},"6":{"start":{"line":12,"column":4},"end":{"line":12,"column":51}},"7":{"start":{"line":16,"column":21},"end":{"line":16,"column":65}},"8":{"start":{"line":19,"column":13},"end":{"line":19,"column":29}},"9":{"start":{"line":22,"column":0},"end":{"line":32,"column":3}},"10":{"start":{"line":23,"column":16},"end":{"line":23,"column":26}},"11":{"start":{"line":24,"column":2},"end":{"line":30,"column":5}},"12":{"start":{"line":26,"column":24},"end":{"line":26,"column":51}},"13":{"start":{"line":27,"column":4},"end":{"line":29,"column":6}},"14":{"start":{"line":31,"column":2},"end":{"line":31,"column":9}},"15":{"start":{"line":37,"column":0},"end":{"line":40,"column":86}},"16":{"start":{"line":42,"column":0},"end":{"line":44,"column":79}},"17":{"start":{"line":46,"column":0},"end":{"line":50,"column":73}},"18":{"start":{"line":52,"column":0},"end":{"line":54,"column":3}},"19":{"start":{"line":53,"column":2},"end":{"line":53,"column":54}},"20":{"start":{"line":56,"column":0},"end":{"line":56,"column":24}}},"fnMap":{"0":{"name":"(anonymous_0)","decl":{"start":{"line":8,"column":15},"end":{"line":8,"column":16}},"loc":{"start":{"line":8,"column":40},"end":{"line":10,"column":3}},"line":8},"1":{"name":"(anonymous_1)","decl":{"start":{"line":11,"column":12},"end":{"line":11,"column":13}},"loc":{"start":{"line":11,"column":37},"end":{"line":13,"column":3}},"line":11},"2":{"name":"(anonymous_2)","decl":{"start":{"line":22,"column":11},"end":{"line":22,"column":12}},"loc":{"start":{"line":22,"column":31},"end":{"line":32,"column":1}},"line":22},"3":{"name":"(anonymous_3)","decl":{"start":{"line":24,"column":19},"end":{"line":24,"column":20}},"loc":{"start":{"line":24,"column":25},"end":{"line":30,"column":3}},"line":24},"4":{"name":"(anonymous_4)","decl":{"start":{"line":52,"column":16},"end":{"line":52,"column":17}},"loc":{"start":{"line":52,"column":36},"end":{"line":54,"column":1}},"line":52}},"branchMap":{},"s":{"0":6,"1":6,"2":6,"3":6,"4":6,"5":0,"6":0,"7":6,"8":6,"9":6,"10":3,"11":3,"12":3,"13":3,"14":3,"15":6,"16":6,"17":6,"18":6,"19":0,"20":6},"f":{"0":0,"1":0,"2":3,"3":3,"4":0},"b":{},"_coverageSchema":"1a1c01bbd47fc00a2c39e90264f33305004495a9","hash":"12f744e128cb9903d2cb1e63cb8b800c911e96fe"}
,"C:\\Users\\fabio\\Documents\\TSIW\\2º ano\\2º semestre\\PW2\\Backend_GeoRecycle\\routes\\items.routes.js": {"path":"C:\\Users\\fabio\\Documents\\TSIW\\2º ano\\2º semestre\\PW2\\Backend_GeoRecycle\\routes\\items.routes.js","statementMap":{"0":{"start":{"line":1,"column":16},"end":{"line":1,"column":34}},"1":{"start":{"line":2,"column":13},"end":{"line":2,"column":29}},"2":{"start":{"line":3,"column":23},"end":{"line":3,"column":68}},"3":{"start":{"line":4,"column":23},"end":{"line":4,"column":67}},"4":{"start":{"line":7,"column":0},"end":{"line":17,"column":3}},"5":{"start":{"line":8,"column":16},"end":{"line":8,"column":26}},"6":{"start":{"line":9,"column":2},"end":{"line":15,"column":5}},"7":{"start":{"line":11,"column":24},"end":{"line":11,"column":51}},"8":{"start":{"line":12,"column":4},"end":{"line":14,"column":6}},"9":{"start":{"line":16,"column":2},"end":{"line":16,"column":9}},"10":{"start":{"line":19,"column":0},"end":{"line":21,"column":69}},"11":{"start":{"line":22,"column":0},"end":{"line":24,"column":70}},"12":{"start":{"line":25,"column":0},"end":{"line":28,"column":64}},"13":{"start":{"line":29,"column":0},"end":{"line":31,"column":60}},"14":{"start":{"line":33,"column":0},"end":{"line":35,"column":3}},"15":{"start":{"line":34,"column":2},"end":{"line":34,"column":53}},"16":{"start":{"line":37,"column":0},"end":{"line":37,"column":24}}},"fnMap":{"0":{"name":"(anonymous_0)","decl":{"start":{"line":7,"column":11},"end":{"line":7,"column":12}},"loc":{"start":{"line":7,"column":31},"end":{"line":17,"column":1}},"line":7},"1":{"name":"(anonymous_1)","decl":{"start":{"line":9,"column":19},"end":{"line":9,"column":20}},"loc":{"start":{"line":9,"column":25},"end":{"line":15,"column":3}},"line":9},"2":{"name":"(anonymous_2)","decl":{"start":{"line":33,"column":16},"end":{"line":33,"column":17}},"loc":{"start":{"line":33,"column":36},"end":{"line":35,"column":1}},"line":33}},"branchMap":{},"s":{"0":6,"1":6,"2":6,"3":6,"4":6,"5":5,"6":5,"7":5,"8":5,"9":5,"10":6,"11":6,"12":6,"13":6,"14":6,"15":0,"16":6},"f":{"0":5,"1":5,"2":0},"b":{},"_coverageSchema":"1a1c01bbd47fc00a2c39e90264f33305004495a9","hash":"f4c20aaf342dec8314287c5967a2cafaa6a582c5"}
,"C:\\Users\\fabio\\Documents\\TSIW\\2º ano\\2º semestre\\PW2\\Backend_GeoRecycle\\routes\\leaderboard.routes.js": {"path":"C:\\Users\\fabio\\Documents\\TSIW\\2º ano\\2º semestre\\PW2\\Backend_GeoRecycle\\routes\\leaderboard.routes.js","statementMap":{"0":{"start":{"line":1,"column":16},"end":{"line":1,"column":34}},"1":{"start":{"line":2,"column":13},"end":{"line":2,"column":29}},"2":{"start":{"line":3,"column":30},"end":{"line":3,"column":81}},"3":{"start":{"line":4,"column":23},"end":{"line":4,"column":64}},"4":{"start":{"line":7,"column":0},"end":{"line":17,"column":3}},"5":{"start":{"line":8,"column":16},"end":{"line":8,"column":26}},"6":{"start":{"line":9,"column":2},"end":{"line":15,"column":5}},"7":{"start":{"line":11,"column":24},"end":{"line":11,"column":51}},"8":{"start":{"line":12,"column":4},"end":{"line":14,"column":6}},"9":{"start":{"line":16,"column":2},"end":{"line":16,"column":9}},"10":{"start":{"line":19,"column":0},"end":{"line":21,"column":78}},"11":{"start":{"line":23,"column":0},"end":{"line":25,"column":83}},"12":{"start":{"line":27,"column":0},"end":{"line":29,"column":3}},"13":{"start":{"line":28,"column":2},"end":{"line":28,"column":54}},"14":{"start":{"line":31,"column":0},"end":{"line":31,"column":24}}},"fnMap":{"0":{"name":"(anonymous_0)","decl":{"start":{"line":7,"column":11},"end":{"line":7,"column":12}},"loc":{"start":{"line":7,"column":31},"end":{"line":17,"column":1}},"line":7},"1":{"name":"(anonymous_1)","decl":{"start":{"line":9,"column":19},"end":{"line":9,"column":20}},"loc":{"start":{"line":9,"column":25},"end":{"line":15,"column":3}},"line":9},"2":{"name":"(anonymous_2)","decl":{"start":{"line":27,"column":16},"end":{"line":27,"column":17}},"loc":{"start":{"line":27,"column":36},"end":{"line":29,"column":1}},"line":27}},"branchMap":{},"s":{"0":6,"1":6,"2":6,"3":6,"4":6,"5":2,"6":2,"7":2,"8":2,"9":2,"10":6,"11":6,"12":6,"13":0,"14":6},"f":{"0":2,"1":2,"2":0},"b":{},"_coverageSchema":"1a1c01bbd47fc00a2c39e90264f33305004495a9","hash":"80ceb0e74ee5697997e49880a1ea75bfedfdb8c9"}
,"C:\\Users\\fabio\\Documents\\TSIW\\2º ano\\2º semestre\\PW2\\Backend_GeoRecycle\\routes\\utilizacao.routes.js": {"path":"C:\\Users\\fabio\\Documents\\TSIW\\2º ano\\2º semestre\\PW2\\Backend_GeoRecycle\\routes\\utilizacao.routes.js","statementMap":{"0":{"start":{"line":1,"column":16},"end":{"line":1,"column":34}},"1":{"start":{"line":3,"column":29},"end":{"line":3,"column":76}},"2":{"start":{"line":4,"column":23},"end":{"line":4,"column":64}},"3":{"start":{"line":10,"column":13},"end":{"line":10,"column":29}},"4":{"start":{"line":12,"column":0},"end":{"line":22,"column":3}},"5":{"start":{"line":13,"column":16},"end":{"line":13,"column":26}},"6":{"start":{"line":14,"column":2},"end":{"line":20,"column":5}},"7":{"start":{"line":16,"column":24},"end":{"line":16,"column":51}},"8":{"start":{"line":17,"column":4},"end":{"line":19,"column":6}},"9":{"start":{"line":21,"column":2},"end":{"line":21,"column":9}},"10":{"start":{"line":25,"column":15},"end":{"line":25,"column":32}},"11":{"start":{"line":26,"column":14},"end":{"line":33,"column":2}},"12":{"start":{"line":28,"column":4},"end":{"line":28,"column":21}},"13":{"start":{"line":31,"column":4},"end":{"line":31,"column":51}},"14":{"start":{"line":35,"column":21},"end":{"line":35,"column":65}},"15":{"start":{"line":38,"column":0},"end":{"line":40,"column":82}},"16":{"start":{"line":41,"column":0},"end":{"line":44,"column":76}},"17":{"start":{"line":45,"column":0},"end":{"line":47,"column":79}},"18":{"start":{"line":49,"column":0},"end":{"line":51,"column":3}},"19":{"start":{"line":50,"column":2},"end":{"line":50,"column":54}},"20":{"start":{"line":53,"column":0},"end":{"line":53,"column":24}}},"fnMap":{"0":{"name":"(anonymous_0)","decl":{"start":{"line":12,"column":11},"end":{"line":12,"column":12}},"loc":{"start":{"line":12,"column":31},"end":{"line":22,"column":1}},"line":12},"1":{"name":"(anonymous_1)","decl":{"start":{"line":14,"column":19},"end":{"line":14,"column":20}},"loc":{"start":{"line":14,"column":25},"end":{"line":20,"column":3}},"line":14},"2":{"name":"(anonymous_2)","decl":{"start":{"line":27,"column":15},"end":{"line":27,"column":16}},"loc":{"start":{"line":27,"column":40},"end":{"line":29,"column":3}},"line":27},"3":{"name":"(anonymous_3)","decl":{"start":{"line":30,"column":12},"end":{"line":30,"column":13}},"loc":{"start":{"line":30,"column":37},"end":{"line":32,"column":3}},"line":30},"4":{"name":"(anonymous_4)","decl":{"start":{"line":49,"column":16},"end":{"line":49,"column":17}},"loc":{"start":{"line":49,"column":36},"end":{"line":51,"column":1}},"line":49}},"branchMap":{},"s":{"0":6,"1":6,"2":6,"3":6,"4":6,"5":4,"6":4,"7":4,"8":4,"9":4,"10":6,"11":6,"12":0,"13":0,"14":6,"15":6,"16":6,"17":6,"18":6,"19":0,"20":6},"f":{"0":4,"1":4,"2":0,"3":0,"4":0},"b":{},"_coverageSchema":"1a1c01bbd47fc00a2c39e90264f33305004495a9","hash":"6d28a94f204b817027b5eb0a79330f98adc703ea"}
,"C:\\Users\\fabio\\Documents\\TSIW\\2º ano\\2º semestre\\PW2\\Backend_GeoRecycle\\routes\\utilizadores.routes.js": {"path":"C:\\Users\\fabio\\Documents\\TSIW\\2º ano\\2º semestre\\PW2\\Backend_GeoRecycle\\routes\\utilizadores.routes.js","statementMap":{"0":{"start":{"line":1,"column":16},"end":{"line":1,"column":34}},"1":{"start":{"line":2,"column":13},"end":{"line":2,"column":29}},"2":{"start":{"line":3,"column":23},"end":{"line":3,"column":72}},"3":{"start":{"line":4,"column":23},"end":{"line":4,"column":64}},"4":{"start":{"line":7,"column":0},"end":{"line":17,"column":3}},"5":{"start":{"line":8,"column":16},"end":{"line":8,"column":26}},"6":{"start":{"line":9,"column":2},"end":{"line":15,"column":5}},"7":{"start":{"line":11,"column":24},"end":{"line":11,"column":51}},"8":{"start":{"line":12,"column":4},"end":{"line":14,"column":6}},"9":{"start":{"line":16,"column":2},"end":{"line":16,"column":9}},"10":{"start":{"line":19,"column":15},"end":{"line":19,"column":32}},"11":{"start":{"line":20,"column":14},"end":{"line":27,"column":2}},"12":{"start":{"line":22,"column":4},"end":{"line":22,"column":21}},"13":{"start":{"line":25,"column":4},"end":{"line":25,"column":51}},"14":{"start":{"line":29,"column":21},"end":{"line":29,"column":65}},"15":{"start":{"line":31,"column":0},"end":{"line":33,"column":61}},"16":{"start":{"line":34,"column":0},"end":{"line":36,"column":31}},"17":{"start":{"line":37,"column":0},"end":{"line":39,"column":30}},"18":{"start":{"line":40,"column":0},"end":{"line":44,"column":64}},"19":{"start":{"line":46,"column":0},"end":{"line":48,"column":84}},"20":{"start":{"line":49,"column":0},"end":{"line":51,"column":63}},"21":{"start":{"line":54,"column":0},"end":{"line":56,"column":3}},"22":{"start":{"line":55,"column":2},"end":{"line":55,"column":54}},"23":{"start":{"line":58,"column":0},"end":{"line":58,"column":24}}},"fnMap":{"0":{"name":"(anonymous_0)","decl":{"start":{"line":7,"column":11},"end":{"line":7,"column":12}},"loc":{"start":{"line":7,"column":31},"end":{"line":17,"column":1}},"line":7},"1":{"name":"(anonymous_1)","decl":{"start":{"line":9,"column":19},"end":{"line":9,"column":20}},"loc":{"start":{"line":9,"column":25},"end":{"line":15,"column":3}},"line":9},"2":{"name":"(anonymous_2)","decl":{"start":{"line":21,"column":15},"end":{"line":21,"column":16}},"loc":{"start":{"line":21,"column":40},"end":{"line":23,"column":3}},"line":21},"3":{"name":"(anonymous_3)","decl":{"start":{"line":24,"column":12},"end":{"line":24,"column":13}},"loc":{"start":{"line":24,"column":37},"end":{"line":26,"column":3}},"line":24},"4":{"name":"(anonymous_4)","decl":{"start":{"line":54,"column":16},"end":{"line":54,"column":17}},"loc":{"start":{"line":54,"column":36},"end":{"line":56,"column":1}},"line":54}},"branchMap":{},"s":{"0":6,"1":6,"2":6,"3":6,"4":6,"5":46,"6":46,"7":46,"8":46,"9":46,"10":6,"11":6,"12":0,"13":0,"14":6,"15":6,"16":6,"17":6,"18":6,"19":6,"20":6,"21":6,"22":0,"23":6},"f":{"0":46,"1":46,"2":0,"3":0,"4":0},"b":{},"_coverageSchema":"1a1c01bbd47fc00a2c39e90264f33305004495a9","hash":"1fcc5d974ff8f36e8aadcc84f2616220944f6b59"}
}
