TN:
SF:index.js
FN:10,(anonymous_0)
FN:20,(anonymous_1)
FN:23,(anonymous_2)
FNF:3
FNH:1
FNDA:0,(anonymous_0)
FNDA:0,(anonymous_1)
FNDA:6,(anonymous_2)
DA:1,6
DA:2,6
DA:3,6
DA:4,6
DA:5,6
DA:6,6
DA:7,6
DA:8,6
DA:10,6
DA:11,0
DA:14,6
DA:15,6
DA:16,6
DA:17,6
DA:18,6
DA:19,6
DA:20,6
DA:21,0
DA:23,6
DA:24,6
DA:27,6
LF:21
LH:19
BRF:0
BRH:0
end_of_record
TN:
SF:config\db.config.js
FNF:0
FNH:0
DA:1,6
DA:12,6
DA:15,6
LF:3
LH:3
BRF:0
BRH:0
end_of_record
TN:
SF:controllers\auth.controller.js
FN:6,(anonymous_0)
FNF:1
FNH:1
FNDA:28,(anonymous_0)
DA:1,6
DA:2,6
DA:6,6
DA:7,28
DA:8,28
DA:9,0
DA:11,28
DA:12,28
DA:14,28
DA:15,28
DA:16,28
DA:17,28
DA:18,28
DA:20,0
LF:14
LH:12
BRDA:7,0,0,28
BRDA:7,0,1,28
BRDA:8,1,0,0
BRDA:8,1,1,28
BRF:4
BRH:3
end_of_record
TN:
SF:controllers\badges.controller.js
FN:6,(anonymous_0)
FN:40,(anonymous_1)
FN:67,(anonymous_2)
FNF:3
FNH:1
FNDA:0,(anonymous_0)
FNDA:0,(anonymous_1)
FNDA:2,(anonymous_2)
DA:1,6
DA:2,6
DA:3,6
DA:6,6
DA:7,0
DA:8,0
DA:9,0
DA:13,0
DA:21,0
DA:22,0
DA:26,0
DA:32,0
DA:40,6
DA:41,0
DA:42,0
DA:43,0
DA:47,0
DA:48,0
DA:49,0
DA:53,0
DA:59,0
DA:67,6
DA:68,2
DA:69,2
DA:70,1
DA:74,1
DA:75,1
DA:76,0
DA:80,1
DA:86,0
LF:30
LH:12
BRDA:8,0,0,0
BRDA:8,0,1,0
BRDA:21,1,0,0
BRDA:21,1,1,0
BRDA:34,2,0,0
BRDA:34,2,1,0
BRDA:42,3,0,0
BRDA:42,3,1,0
BRDA:48,4,0,0
BRDA:48,4,1,0
BRDA:61,5,0,0
BRDA:61,5,1,0
BRDA:69,6,0,1
BRDA:69,6,1,1
BRDA:75,7,0,0
BRDA:75,7,1,1
BRDA:88,8,0,0
BRDA:88,8,1,0
BRF:18
BRH:3
end_of_record
TN:
SF:controllers\ecopontos.controller.js
FN:14,(anonymous_0)
FN:26,(anonymous_1)
FN:47,(anonymous_2)
FN:103,(anonymous_3)
FN:163,(anonymous_4)
FN:194,(anonymous_5)
FNF:6
FNH:3
FNDA:1,(anonymous_0)
FNDA:1,(anonymous_1)
FNDA:0,(anonymous_2)
FNDA:0,(anonymous_3)
FNDA:1,(anonymous_4)
FNDA:0,(anonymous_5)
DA:1,6
DA:2,6
DA:3,6
DA:4,6
DA:5,6
DA:7,6
DA:14,6
DA:15,1
DA:16,1
DA:17,1
DA:19,0
DA:26,6
DA:27,1
DA:28,1
DA:29,1
DA:30,0
DA:34,1
DA:39,0
DA:47,6
DA:48,0
DA:50,0
DA:51,0
DA:52,0
DA:58,0
DA:59,0
DA:60,0
DA:65,0
DA:72,0
DA:73,0
DA:78,0
DA:80,0
DA:81,0
DA:82,0
DA:93,0
DA:94,0
DA:95,0
DA:97,0
DA:98,0
DA:103,6
DA:104,0
DA:105,0
DA:106,0
DA:111,0
DA:112,0
DA:113,0
DA:119,0
DA:121,0
DA:122,0
DA:128,0
DA:129,0
DA:130,0
DA:136,0
DA:137,0
DA:138,0
DA:140,0
DA:141,0
DA:142,0
DA:143,0
DA:144,0
DA:145,0
DA:146,0
DA:149,0
DA:154,0
DA:163,6
DA:164,1
DA:165,1
DA:166,0
DA:171,1
DA:173,1
DA:174,0
DA:181,1
DA:187,0
DA:194,6
DA:195,0
DA:196,0
DA:197,0
DA:202,0
DA:203,0
DA:204,0
DA:210,0
DA:211,0
DA:212,0
DA:218,0
DA:219,0
DA:221,0
DA:226,0
LF:86
LH:24
BRDA:20,0,0,0
BRDA:20,0,1,0
BRDA:29,1,0,0
BRDA:29,1,1,1
BRDA:41,2,0,0
BRDA:41,2,1,0
BRDA:51,3,0,0
BRDA:51,3,1,0
BRDA:59,4,0,0
BRDA:59,4,1,0
BRDA:72,5,0,0
BRDA:72,5,1,0
BRDA:105,6,0,0
BRDA:105,6,1,0
BRDA:112,7,0,0
BRDA:112,7,1,0
BRDA:119,8,0,0
BRDA:119,8,1,0
BRDA:129,9,0,0
BRDA:129,9,1,0
BRDA:140,10,0,0
BRDA:140,10,1,0
BRDA:142,11,0,0
BRDA:142,11,1,0
BRDA:156,12,0,0
BRDA:156,12,1,0
BRDA:165,13,0,0
BRDA:165,13,1,1
BRDA:173,14,0,0
BRDA:173,14,1,1
BRDA:189,15,0,0
BRDA:189,15,1,0
BRDA:196,16,0,0
BRDA:196,16,1,0
BRDA:203,17,0,0
BRDA:203,17,1,0
BRDA:211,18,0,0
BRDA:211,18,1,0
BRDA:228,19,0,0
BRDA:228,19,1,0
BRF:40
BRH:3
end_of_record
TN:
SF:controllers\items.controller.js
FN:7,(anonymous_0)
FN:31,(anonymous_1)
FN:49,(anonymous_2)
FN:77,(anonymous_3)
FN:111,(anonymous_4)
FNF:5
FNH:3
FNDA:2,(anonymous_0)
FNDA:1,(anonymous_1)
FNDA:0,(anonymous_2)
FNDA:2,(anonymous_3)
FNDA:0,(anonymous_4)
DA:1,6
DA:2,6
DA:3,6
DA:4,6
DA:7,6
DA:8,2
DA:9,2
DA:10,1
DA:14,1
DA:15,1
DA:16,1
DA:22,0
DA:31,6
DA:32,1
DA:33,1
DA:34,1
DA:40,0
DA:49,6
DA:50,0
DA:51,0
DA:52,0
DA:56,0
DA:57,0
DA:58,0
DA:62,0
DA:68,0
DA:77,6
DA:78,2
DA:79,2
DA:80,2
DA:81,1
DA:85,1
DA:86,1
DA:87,0
DA:91,1
DA:92,0
DA:93,1
DA:94,1
DA:96,1
DA:97,1
DA:104,0
DA:111,6
DA:112,0
DA:113,0
DA:114,0
DA:115,0
DA:119,0
DA:120,0
DA:124,0
DA:125,0
DA:126,0
DA:127,0
DA:132,0
DA:133,0
DA:134,0
DA:135,0
DA:138,0
DA:145,0
LF:58
LH:29
BRDA:9,0,0,1
BRDA:9,0,1,1
BRDA:24,1,0,0
BRDA:24,1,1,0
BRDA:42,2,0,0
BRDA:42,2,1,0
BRDA:51,3,0,0
BRDA:51,3,1,0
BRDA:57,4,0,0
BRDA:57,4,1,0
BRDA:70,5,0,0
BRDA:70,5,1,0
BRDA:80,6,0,1
BRDA:80,6,1,1
BRDA:86,7,0,0
BRDA:86,7,1,1
BRDA:91,8,0,0
BRDA:91,8,1,1
BRDA:93,9,0,1
BRDA:93,9,1,0
BRDA:114,10,0,0
BRDA:114,10,1,0
BRDA:119,11,0,0
BRDA:119,11,1,0
BRDA:124,12,0,0
BRDA:124,12,1,0
BRDA:126,13,0,0
BRDA:126,13,1,0
BRF:28
BRH:7
end_of_record
TN:
SF:controllers\leaderboard.controller.js
FN:6,(anonymous_0)
FN:25,(anonymous_1)
FNF:2
FNH:2
FNDA:1,(anonymous_0)
FNDA:1,(anonymous_1)
DA:1,6
DA:2,6
DA:3,6
DA:6,6
DA:7,1
DA:8,1
DA:9,1
DA:10,1
DA:13,1
DA:18,0
DA:25,6
DA:26,1
DA:27,1
DA:28,1
DA:29,1
DA:35,1
DA:40,0
LF:17
LH:15
BRDA:9,0,0,1
BRDA:9,0,1,0
BRDA:19,1,0,0
BRDA:19,1,1,0
BRDA:28,2,0,1
BRDA:28,2,1,0
BRDA:41,3,0,0
BRDA:41,3,1,0
BRF:8
BRH:2
end_of_record
TN:
SF:controllers\utilizacao.controller.js
FN:18,(anonymous_0)
FN:62,(anonymous_1)
FN:144,(anonymous_2)
FN:171,(anonymous_3)
FNF:4
FNH:3
FNDA:0,(anonymous_0)
FNDA:1,(anonymous_1)
FNDA:2,(anonymous_2)
FNDA:1,(anonymous_3)
DA:1,6
DA:2,6
DA:3,6
DA:4,6
DA:5,6
DA:6,6
DA:8,6
DA:18,6
DA:19,0
DA:20,0
DA:21,0
DA:22,0
DA:28,0
DA:29,0
DA:30,0
DA:35,0
DA:41,0
DA:47,0
DA:49,0
DA:54,0
DA:62,6
DA:63,1
DA:64,1
DA:65,0
DA:70,1
DA:71,1
DA:72,0
DA:78,1
DA:80,0
DA:81,0
DA:82,0
DA:83,0
DA:85,0
DA:91,1
DA:92,1
DA:93,0
DA:97,1
DA:98,0
DA:104,1
DA:105,1
DA:106,1
DA:108,1
DA:109,1
DA:110,1
DA:111,1
DA:112,1
DA:113,1
DA:114,1
DA:115,1
DA:117,1
DA:118,0
DA:120,1
DA:121,0
DA:123,1
DA:124,0
DA:127,1
DA:128,1
DA:131,1
DA:136,0
DA:144,6
DA:145,2
DA:146,2
DA:147,1
DA:151,1
DA:153,1
DA:154,0
DA:159,1
DA:164,0
DA:171,6
DA:172,1
DA:173,1
DA:174,1
DA:182,1
DA:183,0
DA:188,1
DA:189,1
DA:194,0
DA:199,0
LF:78
LH:48
BRDA:21,0,0,0
BRDA:21,0,1,0
BRDA:29,1,0,0
BRDA:29,1,1,0
BRDA:56,2,0,0
BRDA:56,2,1,0
BRDA:64,3,0,0
BRDA:64,3,1,1
BRDA:71,4,0,0
BRDA:71,4,1,1
BRDA:78,5,0,0
BRDA:78,5,1,1
BRDA:81,6,0,0
BRDA:81,6,1,0
BRDA:92,7,0,0
BRDA:92,7,1,1
BRDA:97,8,0,0
BRDA:97,8,1,1
BRDA:108,9,0,1
BRDA:108,9,1,0
BRDA:111,10,0,1
BRDA:111,10,1,0
BRDA:111,11,0,1
BRDA:111,11,1,1
BRDA:117,12,0,0
BRDA:117,12,1,1
BRDA:117,13,0,1
BRDA:117,13,1,1
BRDA:120,14,0,0
BRDA:120,14,1,1
BRDA:120,15,0,1
BRDA:120,15,1,1
BRDA:123,16,0,0
BRDA:123,16,1,1
BRDA:123,17,0,1
BRDA:123,17,1,0
BRDA:138,18,0,0
BRDA:138,18,1,0
BRDA:146,19,0,1
BRDA:146,19,1,1
BRDA:153,20,0,0
BRDA:153,20,1,1
BRDA:166,21,0,0
BRDA:166,21,1,0
BRDA:182,22,0,0
BRDA:182,22,1,1
BRDA:188,23,0,1
BRDA:188,23,1,0
BRDA:201,24,0,0
BRDA:201,24,1,0
BRF:50
BRH:22
end_of_record
TN:
SF:controllers\utilizadores.controller.js
FN:16,(anonymous_0)
FN:85,(anonymous_1)
FN:121,(anonymous_2)
FN:167,(anonymous_3)
FN:184,(anonymous_4)
FN:205,(anonymous_5)
FN:250,(anonymous_6)
FN:287,(anonymous_7)
FN:317,(anonymous_8)
FN:343,(anonymous_9)
FN:358,(anonymous_10)
FNF:11
FNH:5
FNDA:19,(anonymous_0)
FNDA:0,(anonymous_1)
FNDA:15,(anonymous_2)
FNDA:0,(anonymous_3)
FNDA:2,(anonymous_4)
FNDA:2,(anonymous_5)
FNDA:0,(anonymous_6)
FNDA:0,(anonymous_7)
FNDA:8,(anonymous_8)
FNDA:0,(anonymous_9)
FNDA:0,(anonymous_10)
DA:1,6
DA:2,6
DA:3,6
DA:4,6
DA:5,6
DA:6,6
DA:7,6
DA:9,6
DA:16,6
DA:17,19
DA:18,19
DA:21,19
DA:22,19
DA:23,19
DA:24,19
DA:25,114
DA:27,19
DA:30,19
DA:31,19
DA:35,19
DA:44,19
DA:45,19
DA:46,1
DA:50,1
DA:53,18
DA:54,3
DA:59,3
DA:62,15
DA:63,15
DA:64,6
DA:65,0
DA:68,0
DA:69,0
DA:70,0
DA:71,0
DA:72,0
DA:73,0
DA:74,0
DA:77,6
DA:83,9
DA:84,0
DA:85,0
DA:86,0
DA:89,0
DA:90,0
DA:93,0
DA:94,0
DA:98,0
DA:99,0
DA:101,0
DA:104,0
DA:105,0
DA:107,0
DA:112,9
DA:121,6
DA:122,15
DA:123,15
DA:124,1
DA:129,14
DA:132,14
DA:133,1
DA:138,13
DA:142,13
DA:143,1
DA:149,12
DA:159,12
DA:165,0
DA:166,0
DA:167,0
DA:168,0
DA:170,0
DA:175,0
DA:184,6
DA:185,2
DA:186,2
DA:187,1
DA:191,1
DA:192,1
DA:197,0
DA:205,6
DA:206,2
DA:207,2
DA:210,2
DA:211,0
DA:214,2
DA:215,2
DA:216,2
DA:217,0
DA:221,2
DA:222,2
DA:223,2
DA:224,1
DA:228,1
DA:231,0
DA:233,0
DA:234,0
DA:235,0
DA:236,0
DA:239,1
DA:240,1
DA:242,1
DA:243,1
DA:245,0
DA:250,6
DA:251,0
DA:254,0
DA:255,0
DA:258,0
DA:259,0
DA:260,0
DA:261,0
DA:265,0
DA:266,0
DA:267,0
DA:271,0
DA:273,0
DA:275,0
DA:276,0
DA:280,0
DA:287,6
DA:288,0
DA:289,0
DA:290,0
DA:294,0
DA:295,0
DA:296,0
DA:301,0
DA:302,0
DA:303,0
DA:304,0
DA:309,0
DA:317,6
DA:318,8
DA:319,8
DA:320,1
DA:324,7
DA:325,7
DA:326,1
DA:330,6
DA:335,0
DA:343,6
DA:344,0
DA:345,0
DA:346,0
DA:347,0
DA:351,0
DA:352,0
DA:353,0
DA:357,0
DA:358,0
DA:359,0
DA:365,0
LF:152
LH:78
BRDA:30,0,0,19
BRDA:30,0,1,0
BRDA:45,1,0,1
BRDA:45,1,1,18
BRDA:53,2,0,3
BRDA:53,2,1,15
BRDA:64,3,0,0
BRDA:64,3,1,6
BRDA:68,4,0,0
BRDA:68,4,1,0
BRDA:83,5,0,0
BRDA:83,5,1,9
BRDA:89,6,0,0
BRDA:89,6,1,0
BRDA:93,7,0,0
BRDA:93,7,1,0
BRDA:98,8,0,0
BRDA:98,8,1,0
BRDA:104,9,0,0
BRDA:104,9,1,0
BRDA:114,10,0,9
BRDA:114,10,1,0
BRDA:123,11,0,1
BRDA:123,11,1,14
BRDA:123,12,0,15
BRDA:123,12,1,15
BRDA:123,12,2,14
BRDA:132,13,0,1
BRDA:132,13,1,13
BRDA:142,14,0,1
BRDA:142,14,1,12
BRDA:165,15,0,0
BRDA:165,15,1,0
BRDA:177,16,0,0
BRDA:177,16,1,0
BRDA:186,17,0,1
BRDA:186,17,1,1
BRDA:199,18,0,0
BRDA:199,18,1,0
BRDA:210,19,0,0
BRDA:210,19,1,2
BRDA:216,20,0,0
BRDA:216,20,1,2
BRDA:221,21,0,2
BRDA:221,21,1,0
BRDA:221,22,0,2
BRDA:221,22,1,2
BRDA:222,23,0,2
BRDA:222,23,1,0
BRDA:223,24,0,1
BRDA:223,24,1,1
BRDA:233,25,0,0
BRDA:233,25,1,0
BRDA:233,26,0,0
BRDA:233,26,1,0
BRDA:235,27,0,0
BRDA:235,27,1,0
BRDA:235,28,0,0
BRDA:235,28,1,0
BRDA:239,29,0,1
BRDA:239,29,1,0
BRDA:254,30,0,0
BRDA:254,30,1,0
BRDA:260,31,0,0
BRDA:260,31,1,0
BRDA:266,32,0,0
BRDA:266,32,1,0
BRDA:289,33,0,0
BRDA:289,33,1,0
BRDA:289,34,0,0
BRDA:289,34,1,0
BRDA:295,35,0,0
BRDA:295,35,1,0
BRDA:311,36,0,0
BRDA:311,36,1,0
BRDA:319,37,0,1
BRDA:319,37,1,7
BRDA:325,38,0,1
BRDA:325,38,1,6
BRDA:337,39,0,0
BRDA:337,39,1,0
BRDA:346,40,0,0
BRDA:346,40,1,0
BRDA:346,41,0,0
BRDA:346,41,1,0
BRDA:352,42,0,0
BRDA:352,42,1,0
BRDA:352,43,0,0
BRDA:352,43,1,0
BRDA:367,44,0,0
BRDA:367,44,1,0
BRF:91
BRH:32
end_of_record
TN:
SF:models\badges.model.js
FN:1,(anonymous_0)
FNF:1
FNH:1
FNDA:6,(anonymous_0)
DA:1,6
DA:2,6
DA:9,6
DA:10,6
LF:4
LH:4
BRF:0
BRH:0
end_of_record
TN:
SF:models\ecopontos.model.js
FN:1,(anonymous_0)
FNF:1
FNH:1
FNDA:6,(anonymous_0)
DA:1,6
DA:2,6
DA:19,6
DA:20,6
LF:4
LH:4
BRF:0
BRH:0
end_of_record
TN:
SF:models\index.js
FN:8,(anonymous_0)
FN:11,(anonymous_1)
FNF:2
FNH:1
FNDA:6,(anonymous_0)
FNDA:0,(anonymous_1)
DA:1,6
DA:2,6
DA:3,6
DA:4,6
DA:5,6
DA:6,6
DA:9,6
DA:12,0
DA:13,0
DA:15,6
DA:16,6
DA:17,6
DA:18,6
DA:19,6
DA:20,6
LF:15
LH:13
BRF:0
BRH:0
end_of_record
TN:
SF:models\items.model.js
FN:1,(anonymous_0)
FNF:1
FNH:1
FNDA:6,(anonymous_0)
DA:1,6
DA:2,6
DA:11,6
DA:12,6
LF:4
LH:4
BRF:0
BRH:0
end_of_record
TN:
SF:models\utilizacao.model.js
FN:1,(anonymous_0)
FNF:1
FNH:1
FNDA:6,(anonymous_0)
DA:1,6
DA:2,6
DA:13,6
DA:14,6
LF:4
LH:4
BRF:0
BRH:0
end_of_record
TN:
SF:models\utilizadores.model.js
FN:1,(anonymous_0)
FNF:1
FNH:1
FNDA:6,(anonymous_0)
DA:1,6
DA:2,6
DA:26,6
DA:27,6
LF:4
LH:4
BRF:0
BRH:0
end_of_record
TN:
SF:routes\badges.routes.js
FN:7,(anonymous_0)
FN:9,(anonymous_1)
FN:28,(anonymous_2)
FNF:3
FNH:2
FNDA:2,(anonymous_0)
FNDA:2,(anonymous_1)
FNDA:0,(anonymous_2)
DA:1,6
DA:2,6
DA:3,6
DA:4,6
DA:7,6
DA:8,2
DA:9,2
DA:11,2
DA:12,2
DA:16,2
DA:19,6
DA:23,6
DA:28,6
DA:29,0
DA:34,6
LF:15
LH:14
BRF:0
BRH:0
end_of_record
TN:
SF:routes\ecopontos.routes.js
FN:8,(anonymous_0)
FN:11,(anonymous_1)
FN:22,(anonymous_2)
FN:24,(anonymous_3)
FN:52,(anonymous_4)
FNF:5
FNH:2
FNDA:0,(anonymous_0)
FNDA:0,(anonymous_1)
FNDA:3,(anonymous_2)
FNDA:3,(anonymous_3)
FNDA:0,(anonymous_4)
DA:1,6
DA:3,6
DA:4,6
DA:6,6
DA:7,6
DA:9,0
DA:12,0
DA:16,6
DA:19,6
DA:22,6
DA:23,3
DA:24,3
DA:26,3
DA:27,3
DA:31,3
DA:37,6
DA:42,6
DA:46,6
DA:52,6
DA:53,0
DA:56,6
LF:21
LH:18
BRF:0
BRH:0
end_of_record
TN:
SF:routes\items.routes.js
FN:7,(anonymous_0)
FN:9,(anonymous_1)
FN:33,(anonymous_2)
FNF:3
FNH:2
FNDA:5,(anonymous_0)
FNDA:5,(anonymous_1)
FNDA:0,(anonymous_2)
DA:1,6
DA:2,6
DA:3,6
DA:4,6
DA:7,6
DA:8,5
DA:9,5
DA:11,5
DA:12,5
DA:16,5
DA:19,6
DA:22,6
DA:25,6
DA:29,6
DA:33,6
DA:34,0
DA:37,6
LF:17
LH:16
BRF:0
BRH:0
end_of_record
TN:
SF:routes\leaderboard.routes.js
FN:7,(anonymous_0)
FN:9,(anonymous_1)
FN:27,(anonymous_2)
FNF:3
FNH:2
FNDA:2,(anonymous_0)
FNDA:2,(anonymous_1)
FNDA:0,(anonymous_2)
DA:1,6
DA:2,6
DA:3,6
DA:4,6
DA:7,6
DA:8,2
DA:9,2
DA:11,2
DA:12,2
DA:16,2
DA:19,6
DA:23,6
DA:27,6
DA:28,0
DA:31,6
LF:15
LH:14
BRF:0
BRH:0
end_of_record
TN:
SF:routes\utilizacao.routes.js
FN:12,(anonymous_0)
FN:14,(anonymous_1)
FN:27,(anonymous_2)
FN:30,(anonymous_3)
FN:49,(anonymous_4)
FNF:5
FNH:2
FNDA:4,(anonymous_0)
FNDA:4,(anonymous_1)
FNDA:0,(anonymous_2)
FNDA:0,(anonymous_3)
FNDA:0,(anonymous_4)
DA:1,6
DA:3,6
DA:4,6
DA:10,6
DA:12,6
DA:13,4
DA:14,4
DA:16,4
DA:17,4
DA:21,4
DA:25,6
DA:26,6
DA:28,0
DA:31,0
DA:35,6
DA:38,6
DA:41,6
DA:45,6
DA:49,6
DA:50,0
DA:53,6
LF:21
LH:18
BRF:0
BRH:0
end_of_record
TN:
SF:routes\utilizadores.routes.js
FN:7,(anonymous_0)
FN:9,(anonymous_1)
FN:21,(anonymous_2)
FN:24,(anonymous_3)
FN:54,(anonymous_4)
FNF:5
FNH:2
FNDA:46,(anonymous_0)
FNDA:46,(anonymous_1)
FNDA:0,(anonymous_2)
FNDA:0,(anonymous_3)
FNDA:0,(anonymous_4)
DA:1,6
DA:2,6
DA:3,6
DA:4,6
DA:7,6
DA:8,46
DA:9,46
DA:11,46
DA:12,46
DA:16,46
DA:19,6
DA:20,6
DA:22,0
DA:25,0
DA:29,6
DA:31,6
DA:34,6
DA:37,6
DA:40,6
DA:46,6
DA:49,6
DA:54,6
DA:55,0
DA:58,6
LF:24
LH:21
BRF:0
BRH:0
end_of_record
